Using pre-set license

 COMMAND LINE ARGUMENTS:
/Applications/Unity/Hub/Editor/2020.3.0f1/Unity.app/Contents/MacOS/Unity
-adb2
-batchMode
-noUpm
-name
AssetImportWorker0
-projectPath
/Users/bastien/Documents/GitHub/Data-Persistence-Project
-logFile
Logs/AssetImportWorker0.log
-srvPort
49350
Successfully changed project path to: /Users/bastien/Documents/GitHub/Data-Persistence-Project
/Users/bastien/Documents/GitHub/Data-Persistence-Project
Using Asset Import Pipeline V2.
Refreshing native plugins compatible for Editor in 51.14 ms, found 1 plugins.
Preloading 0 native plugins for Editor in 0.00 ms.
Initialize engine version: 2020.3.0f1 (c7b5465681fb)
[Subsystems] Discovering subsystems at path /Applications/Unity/Hub/Editor/2020.3.0f1/Unity.app/Contents/Resources/UnitySubsystems
[Subsystems] Discovering subsystems at path /Users/bastien/Documents/GitHub/Data-Persistence-Project/Assets
GfxDevice: creating device client; threaded=0
2021-08-05 21:33:19.260 Unity[28315:2347920] (null) preferred device: Apple M1 (high power)
2021-08-05 21:33:19.260 Unity[28315:2347920] Metal devices available: 1
2021-08-05 21:33:19.260 Unity[28315:2347920] 0: Apple M1 (high power)
2021-08-05 21:33:19.260 Unity[28315:2347920] Forcing user selected device: Apple M1 (high power)
Initializing Metal device caps: Apple M1
Shader 'Universal Render Pipeline/Particles/Lit': fallback shader 'Universal Render Pipeline/Particles/SimpleLit' not found
Initialize mono
Mono path[0] = '/Applications/Unity/Hub/Editor/2020.3.0f1/Unity.app/Contents/Managed'
Mono path[1] = '/Applications/Unity/Hub/Editor/2020.3.0f1/Unity.app/Contents/MonoBleedingEdge/lib/mono/unityjit'
Mono config path = '/Applications/Unity/Hub/Editor/2020.3.0f1/Unity.app/Contents/MonoBleedingEdge/etc'
Using monoOptions --debugger-agent=transport=dt_socket,embedding=1,server=y,suspend=n,address=127.0.0.1:56315
Begin MonoManager ReloadAssembly
Registering precompiled unity dll's ...
Register platform support module: /Applications/Unity/Hub/Editor/2020.3.0f1/Unity.app/Contents/PlaybackEngines/MacStandaloneSupport/UnityEditor.OSXStandalone.Extensions.dll
Register platform support module: /Applications/Unity/Hub/Editor/2020.3.0f1/PlaybackEngines/WindowsStandaloneSupport/UnityEditor.WindowsStandalone.Extensions.dll
Registered in 0.001729 seconds.
Native extension for WindowsStandalone target not found
Native extension for OSXStandalone target not found
Refreshing native plugins compatible for Editor in 43.81 ms, found 1 plugins.
Preloading 0 native plugins for Editor in 0.00 ms.
Invoked RoslynAnalysisRunner static constructor.
RoslynAnalysisRunner will not be running.
RoslynAnalysisRunner has terminated.
Mono: successfully reloaded assembly
- Completed reload, in  3.383 seconds
Platform modules already initialized, skipping
Registering precompiled user dll's ...
Registered in 0.001271 seconds.
Begin MonoManager ReloadAssembly
Native extension for WindowsStandalone target not found
Native extension for OSXStandalone target not found
Refreshing native plugins compatible for Editor in 45.43 ms, found 1 plugins.
Preloading 0 native plugins for Editor in 0.00 ms.
Invoked RoslynAnalysisRunner static constructor.
RoslynAnalysisRunner will not be running.
RoslynAnalysisRunner has terminated.
Mono: successfully reloaded assembly
- Completed reload, in  2.245 seconds
Platform modules already initialized, skipping
========================================================================
Worker process is ready to serve import requests
Shader 'Universal Render Pipeline/Particles/Lit': fallback shader 'Universal Render Pipeline/Particles/SimpleLit' not found
Launching external process: /Applications/Unity/Hub/Editor/2020.3.0f1/Unity.app/Contents/Tools/UnityShaderCompiler
Launched and connected shader compiler UnityShaderCompiler after 0.06 seconds
Refreshing native plugins compatible for Editor in 0.68 ms, found 1 plugins.
Preloading 0 native plugins for Editor in 0.00 ms.
Unloading 2423 Unused Serialized files (Serialized files now loaded: 0)
System memory in use before: 181.5 MB.
System memory in use after: 181.7 MB.

Unloading 10 unused Assets to reduce memory usage. Loaded Objects now: 2865.
Total: 3.245041 ms (FindLiveObjects: 0.272625 ms CreateObjectMapping: 0.061208 ms MarkObjects: 2.814000 ms  DeleteObjects: 0.095334 ms)

========================================================================
Received Import Request.
  path: Assets/Scripts/MenuUIHandler.cs
  artifactKey: Guid(d7f96afa7b03e4fd4b3dc94d9b501363) Importer(815301076,1909f56bfc062723c751e8b465ee728b)
Start importing Assets/Scripts/MenuUIHandler.cs using Guid(d7f96afa7b03e4fd4b3dc94d9b501363) Importer(815301076,1909f56bfc062723c751e8b465ee728b)  -> (artifact id: '40bc085163665dc36517f4839d65f715') in 0.291265 seconds
  Import took 0.296240 seconds .

========================================================================
Received Prepare
Registering precompiled user dll's ...
Registered in 0.000617 seconds.
Begin MonoManager ReloadAssembly
Native extension for WindowsStandalone target not found
Native extension for OSXStandalone target not found
Refreshing native plugins compatible for Editor in 0.35 ms, found 1 plugins.
Preloading 0 native plugins for Editor in 0.00 ms.
Invoked RoslynAnalysisRunner static constructor.
RoslynAnalysisRunner will not be running.
RoslynAnalysisRunner has terminated.
Mono: successfully reloaded assembly
- Completed reload, in  1.840 seconds
Platform modules already initialized, skipping
Shader 'Universal Render Pipeline/Particles/Lit': fallback shader 'Universal Render Pipeline/Particles/SimpleLit' not found
Refreshing native plugins compatible for Editor in 0.35 ms, found 1 plugins.
Preloading 0 native plugins for Editor in 0.00 ms.
Unloading 2314 Unused Serialized files (Serialized files now loaded: 0)
System memory in use before: 180.3 MB.
System memory in use after: 180.5 MB.

Unloading 5 unused Assets to reduce memory usage. Loaded Objects now: 2868.
Total: 1.591417 ms (FindLiveObjects: 0.232458 ms CreateObjectMapping: 0.050708 ms MarkObjects: 1.282792 ms  DeleteObjects: 0.024167 ms)

========================================================================
Received Prepare
Registering precompiled user dll's ...
Registered in 0.000661 seconds.
Begin MonoManager ReloadAssembly
Native extension for WindowsStandalone target not found
Native extension for OSXStandalone target not found
Refreshing native plugins compatible for Editor in 0.36 ms, found 1 plugins.
Preloading 0 native plugins for Editor in 0.00 ms.
Invoked RoslynAnalysisRunner static constructor.
RoslynAnalysisRunner will not be running.
RoslynAnalysisRunner has terminated.
Mono: successfully reloaded assembly
- Completed reload, in  1.944 seconds
Platform modules already initialized, skipping
Shader 'Universal Render Pipeline/Particles/Lit': fallback shader 'Universal Render Pipeline/Particles/SimpleLit' not found
Refreshing native plugins compatible for Editor in 0.34 ms, found 1 plugins.
Preloading 0 native plugins for Editor in 0.00 ms.
Unloading 2314 Unused Serialized files (Serialized files now loaded: 0)
System memory in use before: 180.6 MB.
System memory in use after: 180.8 MB.

Unloading 5 unused Assets to reduce memory usage. Loaded Objects now: 2871.
Total: 1.529333 ms (FindLiveObjects: 0.245958 ms CreateObjectMapping: 0.051667 ms MarkObjects: 1.209333 ms  DeleteObjects: 0.021416 ms)

========================================================================
Received Prepare
Registering precompiled user dll's ...
Registered in 0.001391 seconds.
Begin MonoManager ReloadAssembly
Native extension for WindowsStandalone target not found
Native extension for OSXStandalone target not found
Refreshing native plugins compatible for Editor in 0.39 ms, found 1 plugins.
Preloading 0 native plugins for Editor in 0.00 ms.
Invoked RoslynAnalysisRunner static constructor.
RoslynAnalysisRunner will not be running.
RoslynAnalysisRunner has terminated.
Mono: successfully reloaded assembly
- Completed reload, in  1.898 seconds
Platform modules already initialized, skipping
Shader 'Universal Render Pipeline/Particles/Lit': fallback shader 'Universal Render Pipeline/Particles/SimpleLit' not found
Refreshing native plugins compatible for Editor in 0.33 ms, found 1 plugins.
Preloading 0 native plugins for Editor in 0.00 ms.
Unloading 2314 Unused Serialized files (Serialized files now loaded: 0)
System memory in use before: 180.9 MB.
System memory in use after: 181.1 MB.

Unloading 5 unused Assets to reduce memory usage. Loaded Objects now: 2874.
Total: 2.818708 ms (FindLiveObjects: 0.202917 ms CreateObjectMapping: 0.049125 ms MarkObjects: 2.538459 ms  DeleteObjects: 0.027042 ms)

========================================================================
Received Prepare
Registering precompiled user dll's ...
Registered in 0.000628 seconds.
Begin MonoManager ReloadAssembly
Native extension for WindowsStandalone target not found
Native extension for OSXStandalone target not found
Refreshing native plugins compatible for Editor in 0.34 ms, found 1 plugins.
Preloading 0 native plugins for Editor in 0.00 ms.
Invoked RoslynAnalysisRunner static constructor.
RoslynAnalysisRunner will not be running.
RoslynAnalysisRunner has terminated.
Mono: successfully reloaded assembly
- Completed reload, in  1.829 seconds
Platform modules already initialized, skipping
Shader 'Universal Render Pipeline/Particles/Lit': fallback shader 'Universal Render Pipeline/Particles/SimpleLit' not found
Refreshing native plugins compatible for Editor in 0.34 ms, found 1 plugins.
Preloading 0 native plugins for Editor in 0.00 ms.
Unloading 2314 Unused Serialized files (Serialized files now loaded: 0)
System memory in use before: 181.2 MB.
System memory in use after: 181.4 MB.

Unloading 5 unused Assets to reduce memory usage. Loaded Objects now: 2877.
Total: 1.407542 ms (FindLiveObjects: 0.173333 ms CreateObjectMapping: 0.047709 ms MarkObjects: 1.165833 ms  DeleteObjects: 0.019958 ms)

========================================================================
Received Prepare
Registering precompiled user dll's ...
Registered in 0.000643 seconds.
Begin MonoManager ReloadAssembly
Native extension for WindowsStandalone target not found
Native extension for OSXStandalone target not found
Refreshing native plugins compatible for Editor in 0.47 ms, found 1 plugins.
Preloading 0 native plugins for Editor in 0.00 ms.
Invoked RoslynAnalysisRunner static constructor.
RoslynAnalysisRunner will not be running.
RoslynAnalysisRunner has terminated.
Mono: successfully reloaded assembly
- Completed reload, in  1.960 seconds
Platform modules already initialized, skipping
Shader 'Universal Render Pipeline/Particles/Lit': fallback shader 'Universal Render Pipeline/Particles/SimpleLit' not found
Refreshing native plugins compatible for Editor in 0.33 ms, found 1 plugins.
Preloading 0 native plugins for Editor in 0.00 ms.
Unloading 2314 Unused Serialized files (Serialized files now loaded: 0)
System memory in use before: 181.4 MB.
System memory in use after: 181.6 MB.

Unloading 5 unused Assets to reduce memory usage. Loaded Objects now: 2880.
Total: 1.471083 ms (FindLiveObjects: 0.189208 ms CreateObjectMapping: 0.049833 ms MarkObjects: 1.203875 ms  DeleteObjects: 0.027416 ms)

========================================================================
Received Import Request.
  Time since last request: 1038.455839 seconds.
  path: Assets/Scripts/DataManager.cs
  artifactKey: Guid(50ee1ed50b20147ffa26e88d06de8f71) Importer(815301076,1909f56bfc062723c751e8b465ee728b)
Start importing Assets/Scripts/DataManager.cs using Guid(50ee1ed50b20147ffa26e88d06de8f71) Importer(815301076,1909f56bfc062723c751e8b465ee728b)  -> (artifact id: '3e62d384c8f0fffc8d7cd7e4333f0f76') in 0.054316 seconds
  Import took 0.068568 seconds .

========================================================================
Received Prepare
Registering precompiled user dll's ...
Registered in 0.000678 seconds.
Begin MonoManager ReloadAssembly
Native extension for WindowsStandalone target not found
Native extension for OSXStandalone target not found
Refreshing native plugins compatible for Editor in 0.37 ms, found 1 plugins.
Preloading 0 native plugins for Editor in 0.00 ms.
Invoked RoslynAnalysisRunner static constructor.
RoslynAnalysisRunner will not be running.
RoslynAnalysisRunner has terminated.
Mono: successfully reloaded assembly
- Completed reload, in  1.967 seconds
Platform modules already initialized, skipping
Shader 'Universal Render Pipeline/Particles/Lit': fallback shader 'Universal Render Pipeline/Particles/SimpleLit' not found
Refreshing native plugins compatible for Editor in 0.49 ms, found 1 plugins.
Preloading 0 native plugins for Editor in 0.00 ms.
Unloading 2315 Unused Serialized files (Serialized files now loaded: 0)
System memory in use before: 181.8 MB.
System memory in use after: 182.0 MB.

Unloading 5 unused Assets to reduce memory usage. Loaded Objects now: 2884.
Total: 1.818917 ms (FindLiveObjects: 0.334125 ms CreateObjectMapping: 0.056291 ms MarkObjects: 1.392417 ms  DeleteObjects: 0.033000 ms)

========================================================================
Received Prepare
Registering precompiled user dll's ...
Registered in 0.000615 seconds.
Begin MonoManager ReloadAssembly
Native extension for WindowsStandalone target not found
Native extension for OSXStandalone target not found
Refreshing native plugins compatible for Editor in 0.37 ms, found 1 plugins.
Preloading 0 native plugins for Editor in 0.00 ms.
Invoked RoslynAnalysisRunner static constructor.
RoslynAnalysisRunner will not be running.
RoslynAnalysisRunner has terminated.
Mono: successfully reloaded assembly
- Completed reload, in  1.949 seconds
Platform modules already initialized, skipping
Shader 'Universal Render Pipeline/Particles/Lit': fallback shader 'Universal Render Pipeline/Particles/SimpleLit' not found
Refreshing native plugins compatible for Editor in 0.33 ms, found 1 plugins.
Preloading 0 native plugins for Editor in 0.00 ms.
Unloading 2315 Unused Serialized files (Serialized files now loaded: 0)
System memory in use before: 182.1 MB.
System memory in use after: 182.3 MB.

Unloading 5 unused Assets to reduce memory usage. Loaded Objects now: 2887.
Total: 1.442084 ms (FindLiveObjects: 0.160500 ms CreateObjectMapping: 0.048583 ms MarkObjects: 1.192541 ms  DeleteObjects: 0.039458 ms)

========================================================================
Received Import Request.
  Time since last request: 132.267628 seconds.
  path: Assets/Scripts/DataManager.cs
  artifactKey: Guid(50ee1ed50b20147ffa26e88d06de8f71) Importer(815301076,1909f56bfc062723c751e8b465ee728b)
Start importing Assets/Scripts/DataManager.cs using Guid(50ee1ed50b20147ffa26e88d06de8f71) Importer(815301076,1909f56bfc062723c751e8b465ee728b)  -> (artifact id: '9183cf1147361d2a5de4a74d50ca65be') in 0.011818 seconds
  Import took 0.015044 seconds .

========================================================================
Received Prepare
Registering precompiled user dll's ...
Registered in 0.000670 seconds.
Begin MonoManager ReloadAssembly
Native extension for WindowsStandalone target not found
Native extension for OSXStandalone target not found
Refreshing native plugins compatible for Editor in 0.36 ms, found 1 plugins.
Preloading 0 native plugins for Editor in 0.00 ms.
Invoked RoslynAnalysisRunner static constructor.
RoslynAnalysisRunner will not be running.
RoslynAnalysisRunner has terminated.
Mono: successfully reloaded assembly
- Completed reload, in  1.904 seconds
Platform modules already initialized, skipping
Shader 'Universal Render Pipeline/Particles/Lit': fallback shader 'Universal Render Pipeline/Particles/SimpleLit' not found
Refreshing native plugins compatible for Editor in 0.35 ms, found 1 plugins.
Preloading 0 native plugins for Editor in 0.00 ms.
Unloading 2328 Unused Serialized files (Serialized files now loaded: 0)
System memory in use before: 184.1 MB.
System memory in use after: 183.7 MB.

Unloading 18 unused Assets to reduce memory usage. Loaded Objects now: 2890.
Total: 1.750958 ms (FindLiveObjects: 0.176583 ms CreateObjectMapping: 0.047708 ms MarkObjects: 1.237417 ms  DeleteObjects: 0.288583 ms)

========================================================================
Received Prepare
Registering precompiled user dll's ...
Registered in 0.000693 seconds.
Begin MonoManager ReloadAssembly
Native extension for WindowsStandalone target not found
Native extension for OSXStandalone target not found
Refreshing native plugins compatible for Editor in 0.38 ms, found 1 plugins.
Preloading 0 native plugins for Editor in 0.00 ms.
Invoked RoslynAnalysisRunner static constructor.
RoslynAnalysisRunner will not be running.
RoslynAnalysisRunner has terminated.
Mono: successfully reloaded assembly
- Completed reload, in  1.960 seconds
Platform modules already initialized, skipping
Shader 'Universal Render Pipeline/Particles/Lit': fallback shader 'Universal Render Pipeline/Particles/SimpleLit' not found
Refreshing native plugins compatible for Editor in 0.38 ms, found 1 plugins.
Preloading 0 native plugins for Editor in 0.00 ms.
Unloading 2328 Unused Serialized files (Serialized files now loaded: 0)
System memory in use before: 184.3 MB.
System memory in use after: 183.9 MB.

Unloading 18 unused Assets to reduce memory usage. Loaded Objects now: 2893.
Total: 1.731375 ms (FindLiveObjects: 0.224750 ms CreateObjectMapping: 0.050250 ms MarkObjects: 1.156416 ms  DeleteObjects: 0.299125 ms)

========================================================================
Received Prepare
Registering precompiled user dll's ...
Registered in 0.000654 seconds.
Begin MonoManager ReloadAssembly
Native extension for WindowsStandalone target not found
Native extension for OSXStandalone target not found
Refreshing native plugins compatible for Editor in 0.37 ms, found 1 plugins.
Preloading 0 native plugins for Editor in 0.00 ms.
Invoked RoslynAnalysisRunner static constructor.
RoslynAnalysisRunner will not be running.
RoslynAnalysisRunner has terminated.
Mono: successfully reloaded assembly
- Completed reload, in  1.891 seconds
Platform modules already initialized, skipping
Shader 'Universal Render Pipeline/Particles/Lit': fallback shader 'Universal Render Pipeline/Particles/SimpleLit' not found
Refreshing native plugins compatible for Editor in 0.35 ms, found 1 plugins.
Preloading 0 native plugins for Editor in 0.00 ms.
Unloading 2328 Unused Serialized files (Serialized files now loaded: 0)
System memory in use before: 184.5 MB.
System memory in use after: 184.1 MB.

Unloading 18 unused Assets to reduce memory usage. Loaded Objects now: 2896.
Total: 1.765209 ms (FindLiveObjects: 0.215041 ms CreateObjectMapping: 0.051792 ms MarkObjects: 1.176750 ms  DeleteObjects: 0.320667 ms)

========================================================================
Received Prepare
Registering precompiled user dll's ...
Registered in 0.000627 seconds.
Begin MonoManager ReloadAssembly
Native extension for WindowsStandalone target not found
Native extension for OSXStandalone target not found
Refreshing native plugins compatible for Editor in 0.36 ms, found 1 plugins.
Preloading 0 native plugins for Editor in 0.00 ms.
Invoked RoslynAnalysisRunner static constructor.
RoslynAnalysisRunner will not be running.
RoslynAnalysisRunner has terminated.
Mono: successfully reloaded assembly
- Completed reload, in  1.894 seconds
Platform modules already initialized, skipping
Shader 'Universal Render Pipeline/Particles/Lit': fallback shader 'Universal Render Pipeline/Particles/SimpleLit' not found
Refreshing native plugins compatible for Editor in 0.37 ms, found 1 plugins.
Preloading 0 native plugins for Editor in 0.00 ms.
Unloading 2328 Unused Serialized files (Serialized files now loaded: 0)
System memory in use before: 184.9 MB.
System memory in use after: 184.5 MB.

Unloading 18 unused Assets to reduce memory usage. Loaded Objects now: 2899.
Total: 1.886083 ms (FindLiveObjects: 0.174125 ms CreateObjectMapping: 0.054792 ms MarkObjects: 1.326834 ms  DeleteObjects: 0.329416 ms)

========================================================================
Received Prepare
Registering precompiled user dll's ...
Registered in 0.000673 seconds.
Begin MonoManager ReloadAssembly
Native extension for WindowsStandalone target not found
Native extension for OSXStandalone target not found
Refreshing native plugins compatible for Editor in 0.58 ms, found 1 plugins.
Preloading 0 native plugins for Editor in 0.00 ms.
Invoked RoslynAnalysisRunner static constructor.
RoslynAnalysisRunner will not be running.
RoslynAnalysisRunner has terminated.
Mono: successfully reloaded assembly
- Completed reload, in  1.979 seconds
Platform modules already initialized, skipping
Shader 'Universal Render Pipeline/Particles/Lit': fallback shader 'Universal Render Pipeline/Particles/SimpleLit' not found
Refreshing native plugins compatible for Editor in 0.34 ms, found 1 plugins.
Preloading 0 native plugins for Editor in 0.00 ms.
Unloading 2328 Unused Serialized files (Serialized files now loaded: 0)
System memory in use before: 185.5 MB.
System memory in use after: 185.1 MB.

Unloading 18 unused Assets to reduce memory usage. Loaded Objects now: 2902.
Total: 2.869125 ms (FindLiveObjects: 0.224000 ms CreateObjectMapping: 0.062083 ms MarkObjects: 2.271708 ms  DeleteObjects: 0.310250 ms)

========================================================================
Received Prepare
Registering precompiled user dll's ...
Registered in 0.000656 seconds.
Begin MonoManager ReloadAssembly
Native extension for WindowsStandalone target not found
Native extension for OSXStandalone target not found
Refreshing native plugins compatible for Editor in 0.38 ms, found 1 plugins.
Preloading 0 native plugins for Editor in 0.00 ms.
Invoked RoslynAnalysisRunner static constructor.
RoslynAnalysisRunner will not be running.
RoslynAnalysisRunner has terminated.
Mono: successfully reloaded assembly
- Completed reload, in  2.004 seconds
Platform modules already initialized, skipping
Shader 'Universal Render Pipeline/Particles/Lit': fallback shader 'Universal Render Pipeline/Particles/SimpleLit' not found
Refreshing native plugins compatible for Editor in 0.37 ms, found 1 plugins.
Preloading 0 native plugins for Editor in 0.00 ms.
Unloading 2328 Unused Serialized files (Serialized files now loaded: 0)
System memory in use before: 185.8 MB.
System memory in use after: 185.4 MB.

Unloading 18 unused Assets to reduce memory usage. Loaded Objects now: 2905.
Total: 2.734875 ms (FindLiveObjects: 0.402625 ms CreateObjectMapping: 0.082792 ms MarkObjects: 1.820833 ms  DeleteObjects: 0.426792 ms)

========================================================================
Received Prepare
Registering precompiled user dll's ...
Registered in 0.000634 seconds.
Begin MonoManager ReloadAssembly
Native extension for WindowsStandalone target not found
Native extension for OSXStandalone target not found
Refreshing native plugins compatible for Editor in 0.34 ms, found 1 plugins.
Preloading 0 native plugins for Editor in 0.00 ms.
Invoked RoslynAnalysisRunner static constructor.
RoslynAnalysisRunner will not be running.
RoslynAnalysisRunner has terminated.
Mono: successfully reloaded assembly
- Completed reload, in  1.984 seconds
Platform modules already initialized, skipping
Shader 'Universal Render Pipeline/Particles/Lit': fallback shader 'Universal Render Pipeline/Particles/SimpleLit' not found
Refreshing native plugins compatible for Editor in 0.35 ms, found 1 plugins.
Preloading 0 native plugins for Editor in 0.00 ms.
Unloading 2328 Unused Serialized files (Serialized files now loaded: 0)
System memory in use before: 186.1 MB.
System memory in use after: 185.7 MB.

Unloading 18 unused Assets to reduce memory usage. Loaded Objects now: 2908.
Total: 1.748208 ms (FindLiveObjects: 0.222834 ms CreateObjectMapping: 0.051667 ms MarkObjects: 1.156000 ms  DeleteObjects: 0.316750 ms)

========================================================================
Received Prepare
Registering precompiled user dll's ...
Registered in 0.000669 seconds.
Begin MonoManager ReloadAssembly
Native extension for WindowsStandalone target not found
Native extension for OSXStandalone target not found
Refreshing native plugins compatible for Editor in 0.36 ms, found 1 plugins.
Preloading 0 native plugins for Editor in 0.00 ms.
Invoked RoslynAnalysisRunner static constructor.
RoslynAnalysisRunner will not be running.
RoslynAnalysisRunner has terminated.
Mono: successfully reloaded assembly
- Completed reload, in  1.963 seconds
Platform modules already initialized, skipping
Shader 'Universal Render Pipeline/Particles/Lit': fallback shader 'Universal Render Pipeline/Particles/SimpleLit' not found
Refreshing native plugins compatible for Editor in 0.36 ms, found 1 plugins.
Preloading 0 native plugins for Editor in 0.00 ms.
Unloading 2328 Unused Serialized files (Serialized files now loaded: 0)
System memory in use before: 186.3 MB.
System memory in use after: 185.9 MB.

Unloading 18 unused Assets to reduce memory usage. Loaded Objects now: 2911.
Total: 1.851292 ms (FindLiveObjects: 0.252375 ms CreateObjectMapping: 0.051167 ms MarkObjects: 1.226208 ms  DeleteObjects: 0.320458 ms)

========================================================================
Received Prepare
Registering precompiled user dll's ...
Registered in 0.000665 seconds.
Begin MonoManager ReloadAssembly
Native extension for WindowsStandalone target not found
Native extension for OSXStandalone target not found
Refreshing native plugins compatible for Editor in 0.49 ms, found 1 plugins.
Preloading 0 native plugins for Editor in 0.00 ms.
Invoked RoslynAnalysisRunner static constructor.
RoslynAnalysisRunner will not be running.
RoslynAnalysisRunner has terminated.
Mono: successfully reloaded assembly
- Completed reload, in  1.826 seconds
Platform modules already initialized, skipping
Shader 'Universal Render Pipeline/Particles/Lit': fallback shader 'Universal Render Pipeline/Particles/SimpleLit' not found
Refreshing native plugins compatible for Editor in 0.36 ms, found 1 plugins.
Preloading 0 native plugins for Editor in 0.00 ms.
Unloading 2328 Unused Serialized files (Serialized files now loaded: 0)
System memory in use before: 186.6 MB.
System memory in use after: 186.3 MB.

Unloading 18 unused Assets to reduce memory usage. Loaded Objects now: 2914.
Total: 1.801875 ms (FindLiveObjects: 0.258875 ms CreateObjectMapping: 0.053167 ms MarkObjects: 1.176375 ms  DeleteObjects: 0.312583 ms)

========================================================================
Received Prepare
Registering precompiled user dll's ...
Registered in 0.000667 seconds.
Begin MonoManager ReloadAssembly
Native extension for WindowsStandalone target not found
Native extension for OSXStandalone target not found
Refreshing native plugins compatible for Editor in 0.37 ms, found 1 plugins.
Preloading 0 native plugins for Editor in 0.00 ms.
Invoked RoslynAnalysisRunner static constructor.
RoslynAnalysisRunner will not be running.
RoslynAnalysisRunner has terminated.
Mono: successfully reloaded assembly
- Completed reload, in  1.892 seconds
Platform modules already initialized, skipping
Shader 'Universal Render Pipeline/Particles/Lit': fallback shader 'Universal Render Pipeline/Particles/SimpleLit' not found
Refreshing native plugins compatible for Editor in 0.35 ms, found 1 plugins.
Preloading 0 native plugins for Editor in 0.00 ms.
Unloading 2328 Unused Serialized files (Serialized files now loaded: 0)
System memory in use before: 186.9 MB.
System memory in use after: 186.5 MB.

Unloading 18 unused Assets to reduce memory usage. Loaded Objects now: 2917.
Total: 1.797750 ms (FindLiveObjects: 0.205875 ms CreateObjectMapping: 0.049584 ms MarkObjects: 1.206042 ms  DeleteObjects: 0.335125 ms)

========================================================================
Received Prepare
Registering precompiled user dll's ...
Registered in 0.000625 seconds.
Begin MonoManager ReloadAssembly
Native extension for WindowsStandalone target not found
Native extension for OSXStandalone target not found
Refreshing native plugins compatible for Editor in 0.35 ms, found 1 plugins.
Preloading 0 native plugins for Editor in 0.00 ms.
Invoked RoslynAnalysisRunner static constructor.
RoslynAnalysisRunner will not be running.
RoslynAnalysisRunner has terminated.
Mono: successfully reloaded assembly
- Completed reload, in  1.760 seconds
Platform modules already initialized, skipping
Shader 'Universal Render Pipeline/Particles/Lit': fallback shader 'Universal Render Pipeline/Particles/SimpleLit' not found
Refreshing native plugins compatible for Editor in 0.33 ms, found 1 plugins.
Preloading 0 native plugins for Editor in 0.00 ms.
Unloading 2328 Unused Serialized files (Serialized files now loaded: 0)
System memory in use before: 187.2 MB.
System memory in use after: 186.8 MB.

Unloading 18 unused Assets to reduce memory usage. Loaded Objects now: 2920.
Total: 1.659125 ms (FindLiveObjects: 0.174375 ms CreateObjectMapping: 0.047875 ms MarkObjects: 1.132792 ms  DeleteObjects: 0.303125 ms)

========================================================================
Received Prepare
Registering precompiled user dll's ...
Registered in 0.000684 seconds.
Begin MonoManager ReloadAssembly
Native extension for WindowsStandalone target not found
Native extension for OSXStandalone target not found
Refreshing native plugins compatible for Editor in 0.37 ms, found 1 plugins.
Preloading 0 native plugins for Editor in 0.00 ms.
Invoked RoslynAnalysisRunner static constructor.
RoslynAnalysisRunner will not be running.
RoslynAnalysisRunner has terminated.
Mono: successfully reloaded assembly
- Completed reload, in  1.982 seconds
Platform modules already initialized, skipping
Shader 'Universal Render Pipeline/Particles/Lit': fallback shader 'Universal Render Pipeline/Particles/SimpleLit' not found
Refreshing native plugins compatible for Editor in 0.34 ms, found 1 plugins.
Preloading 0 native plugins for Editor in 0.00 ms.
Unloading 2328 Unused Serialized files (Serialized files now loaded: 0)
System memory in use before: 187.7 MB.
System memory in use after: 187.3 MB.

Unloading 18 unused Assets to reduce memory usage. Loaded Objects now: 2923.
Total: 3.283708 ms (FindLiveObjects: 0.311250 ms CreateObjectMapping: 0.051375 ms MarkObjects: 2.335125 ms  DeleteObjects: 0.584875 ms)

========================================================================
Received Prepare
Registering precompiled user dll's ...
Registered in 0.000690 seconds.
Begin MonoManager ReloadAssembly
Native extension for WindowsStandalone target not found
Native extension for OSXStandalone target not found
Refreshing native plugins compatible for Editor in 0.36 ms, found 1 plugins.
Preloading 0 native plugins for Editor in 0.00 ms.
Invoked RoslynAnalysisRunner static constructor.
RoslynAnalysisRunner will not be running.
RoslynAnalysisRunner has terminated.
Mono: successfully reloaded assembly
- Completed reload, in  1.855 seconds
Platform modules already initialized, skipping
Shader 'Universal Render Pipeline/Particles/Lit': fallback shader 'Universal Render Pipeline/Particles/SimpleLit' not found
Refreshing native plugins compatible for Editor in 0.36 ms, found 1 plugins.
Preloading 0 native plugins for Editor in 0.00 ms.
Unloading 2328 Unused Serialized files (Serialized files now loaded: 0)
System memory in use before: 187.8 MB.
System memory in use after: 187.5 MB.

Unloading 18 unused Assets to reduce memory usage. Loaded Objects now: 2926.
Total: 3.032000 ms (FindLiveObjects: 0.346208 ms CreateObjectMapping: 0.056583 ms MarkObjects: 1.929042 ms  DeleteObjects: 0.698959 ms)

========================================================================
Received Prepare
Registering precompiled user dll's ...
Registered in 0.000738 seconds.
Begin MonoManager ReloadAssembly
Native extension for WindowsStandalone target not found
Native extension for OSXStandalone target not found
Refreshing native plugins compatible for Editor in 0.36 ms, found 1 plugins.
Preloading 0 native plugins for Editor in 0.00 ms.
Invoked RoslynAnalysisRunner static constructor.
RoslynAnalysisRunner will not be running.
RoslynAnalysisRunner has terminated.
Mono: successfully reloaded assembly
- Completed reload, in  1.892 seconds
Platform modules already initialized, skipping
Shader 'Universal Render Pipeline/Particles/Lit': fallback shader 'Universal Render Pipeline/Particles/SimpleLit' not found
Refreshing native plugins compatible for Editor in 0.38 ms, found 1 plugins.
Preloading 0 native plugins for Editor in 0.00 ms.
Unloading 2328 Unused Serialized files (Serialized files now loaded: 0)
System memory in use before: 188.2 MB.
System memory in use after: 187.8 MB.

Unloading 18 unused Assets to reduce memory usage. Loaded Objects now: 2929.
Total: 1.805458 ms (FindLiveObjects: 0.238667 ms CreateObjectMapping: 0.051959 ms MarkObjects: 1.190375 ms  DeleteObjects: 0.323542 ms)

========================================================================
Received Prepare
Registering precompiled user dll's ...
Registered in 0.000621 seconds.
Begin MonoManager ReloadAssembly
Native extension for WindowsStandalone target not found
Native extension for OSXStandalone target not found
Refreshing native plugins compatible for Editor in 0.35 ms, found 1 plugins.
Preloading 0 native plugins for Editor in 0.00 ms.
Invoked RoslynAnalysisRunner static constructor.
RoslynAnalysisRunner will not be running.
RoslynAnalysisRunner has terminated.
Mono: successfully reloaded assembly
- Completed reload, in  1.773 seconds
Platform modules already initialized, skipping
Shader 'Universal Render Pipeline/Particles/Lit': fallback shader 'Universal Render Pipeline/Particles/SimpleLit' not found
Refreshing native plugins compatible for Editor in 0.34 ms, found 1 plugins.
Preloading 0 native plugins for Editor in 0.00 ms.
Unloading 2328 Unused Serialized files (Serialized files now loaded: 0)
System memory in use before: 188.5 MB.
System memory in use after: 188.1 MB.

Unloading 18 unused Assets to reduce memory usage. Loaded Objects now: 2932.
Total: 2.088375 ms (FindLiveObjects: 0.210875 ms CreateObjectMapping: 0.051625 ms MarkObjects: 1.177875 ms  DeleteObjects: 0.647084 ms)

========================================================================
Received Prepare
Registering precompiled user dll's ...
Registered in 0.000708 seconds.
Begin MonoManager ReloadAssembly
Native extension for WindowsStandalone target not found
Native extension for OSXStandalone target not found
Refreshing native plugins compatible for Editor in 0.35 ms, found 1 plugins.
Preloading 0 native plugins for Editor in 0.00 ms.
Invoked RoslynAnalysisRunner static constructor.
RoslynAnalysisRunner will not be running.
RoslynAnalysisRunner has terminated.
Mono: successfully reloaded assembly
- Completed reload, in  1.889 seconds
Platform modules already initialized, skipping
Shader 'Universal Render Pipeline/Particles/Lit': fallback shader 'Universal Render Pipeline/Particles/SimpleLit' not found
Refreshing native plugins compatible for Editor in 0.35 ms, found 1 plugins.
Preloading 0 native plugins for Editor in 0.00 ms.
Unloading 2328 Unused Serialized files (Serialized files now loaded: 0)
System memory in use before: 188.8 MB.
System memory in use after: 188.4 MB.

Unloading 18 unused Assets to reduce memory usage. Loaded Objects now: 2935.
Total: 2.217792 ms (FindLiveObjects: 0.322209 ms CreateObjectMapping: 0.051084 ms MarkObjects: 1.466042 ms  DeleteObjects: 0.377167 ms)

========================================================================
Received Prepare
Registering precompiled user dll's ...
Registered in 0.000663 seconds.
Begin MonoManager ReloadAssembly
Native extension for WindowsStandalone target not found
Native extension for OSXStandalone target not found
Refreshing native plugins compatible for Editor in 0.36 ms, found 1 plugins.
Preloading 0 native plugins for Editor in 0.00 ms.
Invoked RoslynAnalysisRunner static constructor.
RoslynAnalysisRunner will not be running.
RoslynAnalysisRunner has terminated.
Mono: successfully reloaded assembly
- Completed reload, in  1.884 seconds
Platform modules already initialized, skipping
Shader 'Universal Render Pipeline/Particles/Lit': fallback shader 'Universal Render Pipeline/Particles/SimpleLit' not found
Refreshing native plugins compatible for Editor in 0.35 ms, found 1 plugins.
Preloading 0 native plugins for Editor in 0.00 ms.
Unloading 2328 Unused Serialized files (Serialized files now loaded: 0)
System memory in use before: 189.1 MB.
System memory in use after: 188.7 MB.

Unloading 18 unused Assets to reduce memory usage. Loaded Objects now: 2938.
Total: 2.171750 ms (FindLiveObjects: 0.203459 ms CreateObjectMapping: 0.050416 ms MarkObjects: 1.227542 ms  DeleteObjects: 0.689500 ms)

========================================================================
Received Prepare
Registering precompiled user dll's ...
Registered in 0.000650 seconds.
Begin MonoManager ReloadAssembly
Native extension for WindowsStandalone target not found
Native extension for OSXStandalone target not found
Refreshing native plugins compatible for Editor in 0.36 ms, found 1 plugins.
Preloading 0 native plugins for Editor in 0.00 ms.
Invoked RoslynAnalysisRunner static constructor.
RoslynAnalysisRunner will not be running.
RoslynAnalysisRunner has terminated.
Mono: successfully reloaded assembly
- Completed reload, in  1.948 seconds
Platform modules already initialized, skipping
Shader 'Universal Render Pipeline/Particles/Lit': fallback shader 'Universal Render Pipeline/Particles/SimpleLit' not found
Refreshing native plugins compatible for Editor in 0.35 ms, found 1 plugins.
Preloading 0 native plugins for Editor in 0.00 ms.
Unloading 2328 Unused Serialized files (Serialized files now loaded: 0)
System memory in use before: 189.2 MB.
System memory in use after: 188.8 MB.

Unloading 18 unused Assets to reduce memory usage. Loaded Objects now: 2941.
Total: 2.214000 ms (FindLiveObjects: 0.232708 ms CreateObjectMapping: 0.052583 ms MarkObjects: 1.245458 ms  DeleteObjects: 0.682167 ms)

========================================================================
Received Prepare
Registering precompiled user dll's ...
Registered in 0.000706 seconds.
Begin MonoManager ReloadAssembly
Native extension for WindowsStandalone target not found
Native extension for OSXStandalone target not found
Refreshing native plugins compatible for Editor in 0.36 ms, found 1 plugins.
Preloading 0 native plugins for Editor in 0.00 ms.
Invoked RoslynAnalysisRunner static constructor.
RoslynAnalysisRunner will not be running.
RoslynAnalysisRunner has terminated.
Mono: successfully reloaded assembly
- Completed reload, in  1.927 seconds
Platform modules already initialized, skipping
Shader 'Universal Render Pipeline/Particles/Lit': fallback shader 'Universal Render Pipeline/Particles/SimpleLit' not found
Refreshing native plugins compatible for Editor in 0.32 ms, found 1 plugins.
Preloading 0 native plugins for Editor in 0.00 ms.
Unloading 2328 Unused Serialized files (Serialized files now loaded: 0)
System memory in use before: 189.6 MB.
System memory in use after: 189.2 MB.

Unloading 18 unused Assets to reduce memory usage. Loaded Objects now: 2944.
Total: 1.766917 ms (FindLiveObjects: 0.217750 ms CreateObjectMapping: 0.049084 ms MarkObjects: 1.195458 ms  DeleteObjects: 0.303625 ms)

========================================================================
Received Prepare
Registering precompiled user dll's ...
Registered in 0.000684 seconds.
Begin MonoManager ReloadAssembly
Native extension for WindowsStandalone target not found
Native extension for OSXStandalone target not found
Refreshing native plugins compatible for Editor in 0.37 ms, found 1 plugins.
Preloading 0 native plugins for Editor in 0.00 ms.
Invoked RoslynAnalysisRunner static constructor.
RoslynAnalysisRunner will not be running.
RoslynAnalysisRunner has terminated.
Mono: successfully reloaded assembly
- Completed reload, in  1.918 seconds
Platform modules already initialized, skipping
Shader 'Universal Render Pipeline/Particles/Lit': fallback shader 'Universal Render Pipeline/Particles/SimpleLit' not found
Refreshing native plugins compatible for Editor in 0.36 ms, found 1 plugins.
Preloading 0 native plugins for Editor in 0.00 ms.
Unloading 2328 Unused Serialized files (Serialized files now loaded: 0)
System memory in use before: 189.9 MB.
System memory in use after: 189.5 MB.

Unloading 18 unused Assets to reduce memory usage. Loaded Objects now: 2947.
Total: 1.763834 ms (FindLiveObjects: 0.178208 ms CreateObjectMapping: 0.049333 ms MarkObjects: 1.201083 ms  DeleteObjects: 0.334250 ms)

========================================================================
Received Prepare
Registering precompiled user dll's ...
Registered in 0.000721 seconds.
Begin MonoManager ReloadAssembly
Native extension for WindowsStandalone target not found
Native extension for OSXStandalone target not found
Refreshing native plugins compatible for Editor in 0.37 ms, found 1 plugins.
Preloading 0 native plugins for Editor in 0.00 ms.
Invoked RoslynAnalysisRunner static constructor.
RoslynAnalysisRunner will not be running.
RoslynAnalysisRunner has terminated.
Mono: successfully reloaded assembly
- Completed reload, in  1.881 seconds
Platform modules already initialized, skipping
Shader 'Universal Render Pipeline/Particles/Lit': fallback shader 'Universal Render Pipeline/Particles/SimpleLit' not found
Refreshing native plugins compatible for Editor in 0.34 ms, found 1 plugins.
Preloading 0 native plugins for Editor in 0.00 ms.
Unloading 2328 Unused Serialized files (Serialized files now loaded: 0)
System memory in use before: 190.2 MB.
System memory in use after: 189.8 MB.

Unloading 18 unused Assets to reduce memory usage. Loaded Objects now: 2950.
Total: 1.730666 ms (FindLiveObjects: 0.178666 ms CreateObjectMapping: 0.049042 ms MarkObjects: 1.166000 ms  DeleteObjects: 0.336209 ms)

========================================================================
Received Prepare
Registering precompiled user dll's ...
Registered in 0.000603 seconds.
Begin MonoManager ReloadAssembly
Native extension for WindowsStandalone target not found
Native extension for OSXStandalone target not found
Refreshing native plugins compatible for Editor in 0.34 ms, found 1 plugins.
Preloading 0 native plugins for Editor in 0.00 ms.
Invoked RoslynAnalysisRunner static constructor.
RoslynAnalysisRunner will not be running.
RoslynAnalysisRunner has terminated.
Mono: successfully reloaded assembly
- Completed reload, in  1.847 seconds
Platform modules already initialized, skipping
Shader 'Universal Render Pipeline/Particles/Lit': fallback shader 'Universal Render Pipeline/Particles/SimpleLit' not found
Refreshing native plugins compatible for Editor in 0.32 ms, found 1 plugins.
Preloading 0 native plugins for Editor in 0.00 ms.
Unloading 2328 Unused Serialized files (Serialized files now loaded: 0)
System memory in use before: 190.4 MB.
System memory in use after: 190.0 MB.

Unloading 18 unused Assets to reduce memory usage. Loaded Objects now: 2953.
Total: 2.046833 ms (FindLiveObjects: 0.333833 ms CreateObjectMapping: 0.050000 ms MarkObjects: 1.318125 ms  DeleteObjects: 0.343833 ms)

========================================================================
Received Prepare
Registering precompiled user dll's ...
Registered in 0.000689 seconds.
Begin MonoManager ReloadAssembly
Native extension for WindowsStandalone target not found
Native extension for OSXStandalone target not found
Refreshing native plugins compatible for Editor in 0.36 ms, found 1 plugins.
Preloading 0 native plugins for Editor in 0.00 ms.
Invoked RoslynAnalysisRunner static constructor.
RoslynAnalysisRunner will not be running.
RoslynAnalysisRunner has terminated.
Mono: successfully reloaded assembly
- Completed reload, in  1.887 seconds
Platform modules already initialized, skipping
Shader 'Universal Render Pipeline/Particles/Lit': fallback shader 'Universal Render Pipeline/Particles/SimpleLit' not found
Refreshing native plugins compatible for Editor in 0.32 ms, found 1 plugins.
Preloading 0 native plugins for Editor in 0.00 ms.
Unloading 2328 Unused Serialized files (Serialized files now loaded: 0)
System memory in use before: 190.6 MB.
System memory in use after: 190.3 MB.

Unloading 18 unused Assets to reduce memory usage. Loaded Objects now: 2956.
Total: 2.004333 ms (FindLiveObjects: 0.186500 ms CreateObjectMapping: 0.048500 ms MarkObjects: 1.141125 ms  DeleteObjects: 0.627416 ms)

========================================================================
Received Prepare
Registering precompiled user dll's ...
Registered in 0.000764 seconds.
Begin MonoManager ReloadAssembly
Native extension for WindowsStandalone target not found
Native extension for OSXStandalone target not found
Refreshing native plugins compatible for Editor in 0.37 ms, found 1 plugins.
Preloading 0 native plugins for Editor in 0.00 ms.
Invoked RoslynAnalysisRunner static constructor.
RoslynAnalysisRunner will not be running.
RoslynAnalysisRunner has terminated.
Mono: successfully reloaded assembly
- Completed reload, in  1.921 seconds
Platform modules already initialized, skipping
Shader 'Universal Render Pipeline/Particles/Lit': fallback shader 'Universal Render Pipeline/Particles/SimpleLit' not found
Refreshing native plugins compatible for Editor in 0.35 ms, found 1 plugins.
Preloading 0 native plugins for Editor in 0.00 ms.
Unloading 2328 Unused Serialized files (Serialized files now loaded: 0)
System memory in use before: 191.0 MB.
System memory in use after: 190.6 MB.

Unloading 18 unused Assets to reduce memory usage. Loaded Objects now: 2959.
Total: 2.269084 ms (FindLiveObjects: 0.225458 ms CreateObjectMapping: 0.049458 ms MarkObjects: 1.242125 ms  DeleteObjects: 0.750916 ms)

========================================================================
Received Prepare
Registering precompiled user dll's ...
Registered in 0.000648 seconds.
Begin MonoManager ReloadAssembly
Native extension for WindowsStandalone target not found
Native extension for OSXStandalone target not found
Refreshing native plugins compatible for Editor in 0.34 ms, found 1 plugins.
Preloading 0 native plugins for Editor in 0.00 ms.
Invoked RoslynAnalysisRunner static constructor.
RoslynAnalysisRunner will not be running.
RoslynAnalysisRunner has terminated.
Mono: successfully reloaded assembly
- Completed reload, in  1.830 seconds
Platform modules already initialized, skipping
Shader 'Universal Render Pipeline/Particles/Lit': fallback shader 'Universal Render Pipeline/Particles/SimpleLit' not found
Refreshing native plugins compatible for Editor in 0.34 ms, found 1 plugins.
Preloading 0 native plugins for Editor in 0.00 ms.
Unloading 2328 Unused Serialized files (Serialized files now loaded: 0)
System memory in use before: 191.3 MB.
System memory in use after: 190.9 MB.

Unloading 18 unused Assets to reduce memory usage. Loaded Objects now: 2962.
Total: 1.818750 ms (FindLiveObjects: 0.231459 ms CreateObjectMapping: 0.050541 ms MarkObjects: 1.231542 ms  DeleteObjects: 0.304459 ms)

========================================================================
Received Import Request.
  Time since last request: 44042.232403 seconds.
  path: Assets/Scenes/main.unity
  artifactKey: Guid(78a510c781f19db4da14f78ebb30946a) Importer(815301076,1909f56bfc062723c751e8b465ee728b)
Start importing Assets/Scenes/main.unity using Guid(78a510c781f19db4da14f78ebb30946a) Importer(815301076,1909f56bfc062723c751e8b465ee728b)  -> (artifact id: '919c29183a8b09c1f9a35bfb1bc04cd6') in 0.020038 seconds
  Import took 0.023321 seconds .

========================================================================
Received Import Request.
  Time since last request: 0.029313 seconds.
  path: Assets/Scenes/main.unity
  artifactKey: Guid(78a510c781f19db4da14f78ebb30946a) Importer(815301076,1909f56bfc062723c751e8b465ee728b)
Start importing Assets/Scenes/main.unity using Guid(78a510c781f19db4da14f78ebb30946a) Importer(815301076,1909f56bfc062723c751e8b465ee728b)  -> (artifact id: '919c29183a8b09c1f9a35bfb1bc04cd6') in 0.001267 seconds
  Import took 0.003957 seconds .

========================================================================
Received Prepare
Registering precompiled user dll's ...
Registered in 0.000656 seconds.
Begin MonoManager ReloadAssembly
Native extension for WindowsStandalone target not found
Native extension for OSXStandalone target not found
Refreshing native plugins compatible for Editor in 0.36 ms, found 1 plugins.
Preloading 0 native plugins for Editor in 0.00 ms.
Invoked RoslynAnalysisRunner static constructor.
RoslynAnalysisRunner will not be running.
RoslynAnalysisRunner has terminated.
Mono: successfully reloaded assembly
- Completed reload, in  1.896 seconds
Platform modules already initialized, skipping
Shader 'Universal Render Pipeline/Particles/Lit': fallback shader 'Universal Render Pipeline/Particles/SimpleLit' not found
Refreshing native plugins compatible for Editor in 0.33 ms, found 1 plugins.
Preloading 0 native plugins for Editor in 0.00 ms.
Unloading 2328 Unused Serialized files (Serialized files now loaded: 0)
System memory in use before: 191.6 MB.
System memory in use after: 191.2 MB.

Unloading 18 unused Assets to reduce memory usage. Loaded Objects now: 2965.
Total: 1.865750 ms (FindLiveObjects: 0.283958 ms CreateObjectMapping: 0.050208 ms MarkObjects: 1.216958 ms  DeleteObjects: 0.313542 ms)

========================================================================
Received Import Request.
  Time since last request: 447.871126 seconds.
  path: Assets/Scenes/menu.unity
  artifactKey: Guid(0afa80f08ae6a44108857d146d1be3bd) Importer(815301076,1909f56bfc062723c751e8b465ee728b)
Start importing Assets/Scenes/menu.unity using Guid(0afa80f08ae6a44108857d146d1be3bd) Importer(815301076,1909f56bfc062723c751e8b465ee728b)  -> (artifact id: '3f5aeaa73a2175853ce3c3696578fd51') in 0.017582 seconds
  Import took 0.020757 seconds .

========================================================================
Received Prepare
Registering precompiled user dll's ...
Registered in 0.000656 seconds.
Begin MonoManager ReloadAssembly
Native extension for WindowsStandalone target not found
Native extension for OSXStandalone target not found
Refreshing native plugins compatible for Editor in 0.37 ms, found 1 plugins.
Preloading 0 native plugins for Editor in 0.00 ms.
Invoked RoslynAnalysisRunner static constructor.
RoslynAnalysisRunner will not be running.
RoslynAnalysisRunner has terminated.
Mono: successfully reloaded assembly
- Completed reload, in  1.922 seconds
Platform modules already initialized, skipping
Shader 'Universal Render Pipeline/Particles/Lit': fallback shader 'Universal Render Pipeline/Particles/SimpleLit' not found
Refreshing native plugins compatible for Editor in 0.34 ms, found 1 plugins.
Preloading 0 native plugins for Editor in 0.00 ms.
Unloading 2328 Unused Serialized files (Serialized files now loaded: 0)
System memory in use before: 191.9 MB.
System memory in use after: 191.5 MB.

Unloading 18 unused Assets to reduce memory usage. Loaded Objects now: 2968.
Total: 2.016542 ms (FindLiveObjects: 0.319208 ms CreateObjectMapping: 0.053125 ms MarkObjects: 1.281500 ms  DeleteObjects: 0.361792 ms)

========================================================================
Received Import Request.
  Time since last request: 65.947182 seconds.
  path: Assets/Scenes/main.unity
  artifactKey: Guid(78a510c781f19db4da14f78ebb30946a) Importer(815301076,1909f56bfc062723c751e8b465ee728b)
Start importing Assets/Scenes/main.unity using Guid(78a510c781f19db4da14f78ebb30946a) Importer(815301076,1909f56bfc062723c751e8b465ee728b)  -> (artifact id: 'e1e5146f4234b1420525c00b87edc869') in 0.017136 seconds
  Import took 0.020035 seconds .

========================================================================
Received Prepare
Registering precompiled user dll's ...
Registered in 0.000663 seconds.
Begin MonoManager ReloadAssembly
Native extension for WindowsStandalone target not found
Native extension for OSXStandalone target not found
Refreshing native plugins compatible for Editor in 0.37 ms, found 1 plugins.
Preloading 0 native plugins for Editor in 0.00 ms.
Invoked RoslynAnalysisRunner static constructor.
RoslynAnalysisRunner will not be running.
RoslynAnalysisRunner has terminated.
Mono: successfully reloaded assembly
- Completed reload, in  1.934 seconds
Platform modules already initialized, skipping
Shader 'Universal Render Pipeline/Particles/Lit': fallback shader 'Universal Render Pipeline/Particles/SimpleLit' not found
Refreshing native plugins compatible for Editor in 0.34 ms, found 1 plugins.
Preloading 0 native plugins for Editor in 0.00 ms.
Unloading 2328 Unused Serialized files (Serialized files now loaded: 0)
System memory in use before: 192.1 MB.
System memory in use after: 191.7 MB.

Unloading 18 unused Assets to reduce memory usage. Loaded Objects now: 2971.
Total: 2.076250 ms (FindLiveObjects: 0.208834 ms CreateObjectMapping: 0.050416 ms MarkObjects: 1.187209 ms  DeleteObjects: 0.623291 ms)

========================================================================
Received Prepare
Registering precompiled user dll's ...
Registered in 0.000653 seconds.
Begin MonoManager ReloadAssembly
Native extension for WindowsStandalone target not found
Native extension for OSXStandalone target not found
Refreshing native plugins compatible for Editor in 0.36 ms, found 1 plugins.
Preloading 0 native plugins for Editor in 0.00 ms.
Invoked RoslynAnalysisRunner static constructor.
RoslynAnalysisRunner will not be running.
RoslynAnalysisRunner has terminated.
Mono: successfully reloaded assembly
- Completed reload, in  1.925 seconds
Platform modules already initialized, skipping
Shader 'Universal Render Pipeline/Particles/Lit': fallback shader 'Universal Render Pipeline/Particles/SimpleLit' not found
Refreshing native plugins compatible for Editor in 0.36 ms, found 1 plugins.
Preloading 0 native plugins for Editor in 0.00 ms.
Unloading 2328 Unused Serialized files (Serialized files now loaded: 0)
System memory in use before: 192.5 MB.
System memory in use after: 192.1 MB.

Unloading 18 unused Assets to reduce memory usage. Loaded Objects now: 2974.
Total: 1.783333 ms (FindLiveObjects: 0.238500 ms CreateObjectMapping: 0.049291 ms MarkObjects: 1.188334 ms  DeleteObjects: 0.306416 ms)

========================================================================
Received Prepare
Registering precompiled user dll's ...
Registered in 0.000659 seconds.
Begin MonoManager ReloadAssembly
Native extension for WindowsStandalone target not found
Native extension for OSXStandalone target not found
Refreshing native plugins compatible for Editor in 0.36 ms, found 1 plugins.
Preloading 0 native plugins for Editor in 0.00 ms.
Invoked RoslynAnalysisRunner static constructor.
RoslynAnalysisRunner will not be running.
RoslynAnalysisRunner has terminated.
Mono: successfully reloaded assembly
- Completed reload, in  1.933 seconds
Platform modules already initialized, skipping
Shader 'Universal Render Pipeline/Particles/Lit': fallback shader 'Universal Render Pipeline/Particles/SimpleLit' not found
Refreshing native plugins compatible for Editor in 0.35 ms, found 1 plugins.
Preloading 0 native plugins for Editor in 0.00 ms.
Unloading 2328 Unused Serialized files (Serialized files now loaded: 0)
System memory in use before: 192.8 MB.
System memory in use after: 192.4 MB.

Unloading 18 unused Assets to reduce memory usage. Loaded Objects now: 2977.
Total: 1.796125 ms (FindLiveObjects: 0.199875 ms CreateObjectMapping: 0.049500 ms MarkObjects: 1.229250 ms  DeleteObjects: 0.316834 ms)

========================================================================
Received Prepare
Registering precompiled user dll's ...
Registered in 0.000701 seconds.
Begin MonoManager ReloadAssembly
Native extension for WindowsStandalone target not found
Native extension for OSXStandalone target not found
Refreshing native plugins compatible for Editor in 0.34 ms, found 1 plugins.
Preloading 0 native plugins for Editor in 0.00 ms.
Invoked RoslynAnalysisRunner static constructor.
RoslynAnalysisRunner will not be running.
RoslynAnalysisRunner has terminated.
Mono: successfully reloaded assembly
- Completed reload, in  1.816 seconds
Platform modules already initialized, skipping
Shader 'Universal Render Pipeline/Particles/Lit': fallback shader 'Universal Render Pipeline/Particles/SimpleLit' not found
Refreshing native plugins compatible for Editor in 0.36 ms, found 1 plugins.
Preloading 0 native plugins for Editor in 0.00 ms.
Unloading 2328 Unused Serialized files (Serialized files now loaded: 0)
System memory in use before: 193.0 MB.
System memory in use after: 192.6 MB.

Unloading 18 unused Assets to reduce memory usage. Loaded Objects now: 2980.
Total: 1.802917 ms (FindLiveObjects: 0.244625 ms CreateObjectMapping: 0.055000 ms MarkObjects: 1.179458 ms  DeleteObjects: 0.322583 ms)

========================================================================
Received Prepare
Registering precompiled user dll's ...
Registered in 0.000693 seconds.
Begin MonoManager ReloadAssembly
Native extension for WindowsStandalone target not found
Native extension for OSXStandalone target not found
Refreshing native plugins compatible for Editor in 0.39 ms, found 1 plugins.
Preloading 0 native plugins for Editor in 0.00 ms.
Invoked RoslynAnalysisRunner static constructor.
RoslynAnalysisRunner will not be running.
RoslynAnalysisRunner has terminated.
Mono: successfully reloaded assembly
- Completed reload, in  1.970 seconds
Platform modules already initialized, skipping
Shader 'Universal Render Pipeline/Particles/Lit': fallback shader 'Universal Render Pipeline/Particles/SimpleLit' not found
Refreshing native plugins compatible for Editor in 0.35 ms, found 1 plugins.
Preloading 0 native plugins for Editor in 0.00 ms.
Unloading 2328 Unused Serialized files (Serialized files now loaded: 0)
System memory in use before: 193.3 MB.
System memory in use after: 192.9 MB.

Unloading 18 unused Assets to reduce memory usage. Loaded Objects now: 2983.
Total: 2.363458 ms (FindLiveObjects: 0.204667 ms CreateObjectMapping: 0.051292 ms MarkObjects: 1.269500 ms  DeleteObjects: 0.836959 ms)

========================================================================
Received Prepare
Registering precompiled user dll's ...
Registered in 0.000643 seconds.
Begin MonoManager ReloadAssembly
Native extension for WindowsStandalone target not found
Native extension for OSXStandalone target not found
Refreshing native plugins compatible for Editor in 0.52 ms, found 1 plugins.
Preloading 0 native plugins for Editor in 0.00 ms.
Invoked RoslynAnalysisRunner static constructor.
RoslynAnalysisRunner will not be running.
RoslynAnalysisRunner has terminated.
Mono: successfully reloaded assembly
- Completed reload, in  2.096 seconds
Platform modules already initialized, skipping
Shader 'Universal Render Pipeline/Particles/Lit': fallback shader 'Universal Render Pipeline/Particles/SimpleLit' not found
Refreshing native plugins compatible for Editor in 0.35 ms, found 1 plugins.
Preloading 0 native plugins for Editor in 0.00 ms.
Unloading 2328 Unused Serialized files (Serialized files now loaded: 0)
System memory in use before: 193.5 MB.
System memory in use after: 193.1 MB.

Unloading 18 unused Assets to reduce memory usage. Loaded Objects now: 2986.
Total: 2.413208 ms (FindLiveObjects: 0.207792 ms CreateObjectMapping: 0.059333 ms MarkObjects: 1.823417 ms  DeleteObjects: 0.321708 ms)

========================================================================
Received Prepare
Registering precompiled user dll's ...
Registered in 0.000694 seconds.
Begin MonoManager ReloadAssembly
Native extension for WindowsStandalone target not found
Native extension for OSXStandalone target not found
Refreshing native plugins compatible for Editor in 0.38 ms, found 1 plugins.
Preloading 0 native plugins for Editor in 0.00 ms.
Invoked RoslynAnalysisRunner static constructor.
RoslynAnalysisRunner will not be running.
RoslynAnalysisRunner has terminated.
Mono: successfully reloaded assembly
- Completed reload, in  1.924 seconds
Platform modules already initialized, skipping
Shader 'Universal Render Pipeline/Particles/Lit': fallback shader 'Universal Render Pipeline/Particles/SimpleLit' not found
Refreshing native plugins compatible for Editor in 0.35 ms, found 1 plugins.
Preloading 0 native plugins for Editor in 0.00 ms.
Unloading 2328 Unused Serialized files (Serialized files now loaded: 0)
System memory in use before: 193.9 MB.
System memory in use after: 193.5 MB.

Unloading 18 unused Assets to reduce memory usage. Loaded Objects now: 2989.
Total: 1.830958 ms (FindLiveObjects: 0.208541 ms CreateObjectMapping: 0.049750 ms MarkObjects: 1.245417 ms  DeleteObjects: 0.326208 ms)

========================================================================
Received Prepare
Registering precompiled user dll's ...
Registered in 0.000645 seconds.
Begin MonoManager ReloadAssembly
Native extension for WindowsStandalone target not found
Native extension for OSXStandalone target not found
Refreshing native plugins compatible for Editor in 0.37 ms, found 1 plugins.
Preloading 0 native plugins for Editor in 0.00 ms.
Invoked RoslynAnalysisRunner static constructor.
RoslynAnalysisRunner will not be running.
RoslynAnalysisRunner has terminated.
Mono: successfully reloaded assembly
- Completed reload, in  1.993 seconds
Platform modules already initialized, skipping
Shader 'Universal Render Pipeline/Particles/Lit': fallback shader 'Universal Render Pipeline/Particles/SimpleLit' not found
Refreshing native plugins compatible for Editor in 0.34 ms, found 1 plugins.
Preloading 0 native plugins for Editor in 0.00 ms.
Unloading 2328 Unused Serialized files (Serialized files now loaded: 0)
System memory in use before: 194.2 MB.
System memory in use after: 193.8 MB.

Unloading 18 unused Assets to reduce memory usage. Loaded Objects now: 2992.
Total: 1.745042 ms (FindLiveObjects: 0.211167 ms CreateObjectMapping: 0.050708 ms MarkObjects: 1.176750 ms  DeleteObjects: 0.305375 ms)

========================================================================
Received Prepare
Registering precompiled user dll's ...
Registered in 0.000669 seconds.
Begin MonoManager ReloadAssembly
Native extension for WindowsStandalone target not found
Native extension for OSXStandalone target not found
Refreshing native plugins compatible for Editor in 0.37 ms, found 1 plugins.
Preloading 0 native plugins for Editor in 0.00 ms.
Invoked RoslynAnalysisRunner static constructor.
RoslynAnalysisRunner will not be running.
RoslynAnalysisRunner has terminated.
Mono: successfully reloaded assembly
- Completed reload, in  1.946 seconds
Platform modules already initialized, skipping
Shader 'Universal Render Pipeline/Particles/Lit': fallback shader 'Universal Render Pipeline/Particles/SimpleLit' not found
Refreshing native plugins compatible for Editor in 0.36 ms, found 1 plugins.
Preloading 0 native plugins for Editor in 0.00 ms.
Unloading 2328 Unused Serialized files (Serialized files now loaded: 0)
System memory in use before: 194.4 MB.
System memory in use after: 194.0 MB.

Unloading 18 unused Assets to reduce memory usage. Loaded Objects now: 2995.
Total: 1.831000 ms (FindLiveObjects: 0.248750 ms CreateObjectMapping: 0.048625 ms MarkObjects: 1.202791 ms  DeleteObjects: 0.330000 ms)

========================================================================
Received Prepare
Registering precompiled user dll's ...
Registered in 0.000655 seconds.
Begin MonoManager ReloadAssembly
Native extension for WindowsStandalone target not found
Native extension for OSXStandalone target not found
Refreshing native plugins compatible for Editor in 0.37 ms, found 1 plugins.
Preloading 0 native plugins for Editor in 0.00 ms.
Invoked RoslynAnalysisRunner static constructor.
RoslynAnalysisRunner will not be running.
RoslynAnalysisRunner has terminated.
Mono: successfully reloaded assembly
- Completed reload, in  1.972 seconds
Platform modules already initialized, skipping
Shader 'Universal Render Pipeline/Particles/Lit': fallback shader 'Universal Render Pipeline/Particles/SimpleLit' not found
Refreshing native plugins compatible for Editor in 0.35 ms, found 1 plugins.
Preloading 0 native plugins for Editor in 0.00 ms.
Unloading 2328 Unused Serialized files (Serialized files now loaded: 0)
System memory in use before: 194.7 MB.
System memory in use after: 194.3 MB.

Unloading 18 unused Assets to reduce memory usage. Loaded Objects now: 2998.
Total: 1.860208 ms (FindLiveObjects: 0.226041 ms CreateObjectMapping: 0.048167 ms MarkObjects: 1.247458 ms  DeleteObjects: 0.337792 ms)

========================================================================
Received Prepare
Registering precompiled user dll's ...
Registered in 0.000651 seconds.
Begin MonoManager ReloadAssembly
Native extension for WindowsStandalone target not found
Native extension for OSXStandalone target not found
Refreshing native plugins compatible for Editor in 0.42 ms, found 1 plugins.
Preloading 0 native plugins for Editor in 0.00 ms.
Invoked RoslynAnalysisRunner static constructor.
RoslynAnalysisRunner will not be running.
RoslynAnalysisRunner has terminated.
Mono: successfully reloaded assembly
- Completed reload, in  1.972 seconds
Platform modules already initialized, skipping
Shader 'Universal Render Pipeline/Particles/Lit': fallback shader 'Universal Render Pipeline/Particles/SimpleLit' not found
Refreshing native plugins compatible for Editor in 0.34 ms, found 1 plugins.
Preloading 0 native plugins for Editor in 0.00 ms.
Unloading 2328 Unused Serialized files (Serialized files now loaded: 0)
System memory in use before: 194.9 MB.
System memory in use after: 194.5 MB.

Unloading 18 unused Assets to reduce memory usage. Loaded Objects now: 3001.
Total: 1.849000 ms (FindLiveObjects: 0.223792 ms CreateObjectMapping: 0.052833 ms MarkObjects: 1.238250 ms  DeleteObjects: 0.333209 ms)

========================================================================
Received Prepare
Registering precompiled user dll's ...
Registered in 0.000636 seconds.
Begin MonoManager ReloadAssembly
Native extension for WindowsStandalone target not found
Native extension for OSXStandalone target not found
Refreshing native plugins compatible for Editor in 0.37 ms, found 1 plugins.
Preloading 0 native plugins for Editor in 0.00 ms.
Invoked RoslynAnalysisRunner static constructor.
RoslynAnalysisRunner will not be running.
RoslynAnalysisRunner has terminated.
Mono: successfully reloaded assembly
- Completed reload, in  1.944 seconds
Platform modules already initialized, skipping
Shader 'Universal Render Pipeline/Particles/Lit': fallback shader 'Universal Render Pipeline/Particles/SimpleLit' not found
Refreshing native plugins compatible for Editor in 0.34 ms, found 1 plugins.
Preloading 0 native plugins for Editor in 0.00 ms.
Unloading 2328 Unused Serialized files (Serialized files now loaded: 0)
System memory in use before: 195.3 MB.
System memory in use after: 194.9 MB.

Unloading 18 unused Assets to reduce memory usage. Loaded Objects now: 3004.
Total: 1.798667 ms (FindLiveObjects: 0.217541 ms CreateObjectMapping: 0.050792 ms MarkObjects: 1.215333 ms  DeleteObjects: 0.314209 ms)

========================================================================
Received Import Request.
  Time since last request: 1606.506291 seconds.
  path: Assets/Materials/Brick.mat
  artifactKey: Guid(5ece0b49f1ea03d41b4d2d9863527d99) Importer(815301076,1909f56bfc062723c751e8b465ee728b)
Start importing Assets/Materials/Brick.mat using Guid(5ece0b49f1ea03d41b4d2d9863527d99) Importer(815301076,1909f56bfc062723c751e8b465ee728b)  -> (artifact id: '83c5ac5814cd35acb8e5dc9299f74873') in 1.294656 seconds
  Import took 1.320538 seconds .

========================================================================
Received Import Request.
  Time since last request: 0.000736 seconds.
  path: Assets/Materials/DeathZone.mat
  artifactKey: Guid(b171e0a86dd2cfb4d92092061cb1d5f1) Importer(815301076,1909f56bfc062723c751e8b465ee728b)
Start importing Assets/Materials/DeathZone.mat using Guid(b171e0a86dd2cfb4d92092061cb1d5f1) Importer(815301076,1909f56bfc062723c751e8b465ee728b)  -> (artifact id: '306bbb4cd13e45a71f29eb0befdc871a') in 0.034019 seconds
  Import took 0.041993 seconds .

========================================================================
Received Import Request.
  Time since last request: 5.695984 seconds.
  path: Assets/Fonts
  artifactKey: Guid(180b6d322a8e24fb69c8f42fc40d46b7) Importer(815301076,1909f56bfc062723c751e8b465ee728b)
Start importing Assets/Fonts using Guid(180b6d322a8e24fb69c8f42fc40d46b7) Importer(815301076,1909f56bfc062723c751e8b465ee728b)  -> (artifact id: '83a5102e3be6508f181847764d8b6f63') in 0.001308 seconds
  Import took 0.004420 seconds .

========================================================================
Received Import Request.
  Time since last request: 0.002642 seconds.
  path: Assets/Fonts
  artifactKey: Guid(180b6d322a8e24fb69c8f42fc40d46b7) Importer(815301076,1909f56bfc062723c751e8b465ee728b)
Start importing Assets/Fonts using Guid(180b6d322a8e24fb69c8f42fc40d46b7) Importer(815301076,1909f56bfc062723c751e8b465ee728b)  -> (artifact id: '83a5102e3be6508f181847764d8b6f63') in 0.000920 seconds
  Import took 0.003724 seconds .

========================================================================
Received Import Request.
  Time since last request: 11.074718 seconds.
  path: Assets/Fonts/Early GameBoy.ttf
  artifactKey: Guid(818664661f67743a99c685c5affb74b8) Importer(815301076,1909f56bfc062723c751e8b465ee728b)
Start importing Assets/Fonts/Early GameBoy.ttf using Guid(818664661f67743a99c685c5affb74b8) Importer(815301076,1909f56bfc062723c751e8b465ee728b)  -> (artifact id: 'ede6080675599beba5d5dd3494d87425') in 1.085387 seconds
  Import took 1.097959 seconds .

========================================================================
Received Import Request.
  Time since last request: 0.000286 seconds.
  path: Assets/Fonts/ka1.ttf
  artifactKey: Guid(d9e836a25eb0d4f9d8950cbc1670ec80) Importer(815301076,1909f56bfc062723c751e8b465ee728b)
Start importing Assets/Fonts/ka1.ttf using Guid(d9e836a25eb0d4f9d8950cbc1670ec80) Importer(815301076,1909f56bfc062723c751e8b465ee728b)  -> (artifact id: '7957cbbd8b302c270affbf23860cbe7b') in 0.011032 seconds
  Import took 0.014291 seconds .

========================================================================
Received Import Request.
  Time since last request: 79.648830 seconds.
  path: Assets/Fonts/Early GameBoy SDF.asset
  artifactKey: Guid(5b317266d3bf74fb08bd2ae8e7d48664) Importer(815301076,1909f56bfc062723c751e8b465ee728b)
Start importing Assets/Fonts/Early GameBoy SDF.asset using Guid(5b317266d3bf74fb08bd2ae8e7d48664) Importer(815301076,1909f56bfc062723c751e8b465ee728b)  -> (artifact id: 'b1442a1d1db8c09ffb1af64301d74344') in 0.428357 seconds
  Import took 0.450323 seconds .

========================================================================
Received Import Request.
  Time since last request: 58.800677 seconds.
  path: Assets/Fonts/Early GameBoy SDF.asset
  artifactKey: Guid(5b317266d3bf74fb08bd2ae8e7d48664) Importer(815301076,1909f56bfc062723c751e8b465ee728b)
Start importing Assets/Fonts/Early GameBoy SDF.asset using Guid(5b317266d3bf74fb08bd2ae8e7d48664) Importer(815301076,1909f56bfc062723c751e8b465ee728b)  -> (artifact id: 'd994349138e1affa890248e7b8a9e482') in 0.054924 seconds
  Import took 0.096143 seconds .

========================================================================
Received Import Request.
  Time since last request: 8.861583 seconds.
  path: Assets/Fonts/ka1 SDF.asset
  artifactKey: Guid(0df9588beafc446e59043928fbfdd82c) Importer(815301076,1909f56bfc062723c751e8b465ee728b)
Start importing Assets/Fonts/ka1 SDF.asset using Guid(0df9588beafc446e59043928fbfdd82c) Importer(815301076,1909f56bfc062723c751e8b465ee728b)  -> (artifact id: '261180e1f06a0760e75670c9835a0889') in 0.018610 seconds
  Import took 0.022207 seconds .

========================================================================
Received Import Request.
  Time since last request: 321.407794 seconds.
  path: Assets/Fonts/AtariFontFullVersion-ZJ23.ttf
  artifactKey: Guid(d0993ea7bfc214960adcf0c02524fb86) Importer(815301076,1909f56bfc062723c751e8b465ee728b)
Start importing Assets/Fonts/AtariFontFullVersion-ZJ23.ttf using Guid(d0993ea7bfc214960adcf0c02524fb86) Importer(815301076,1909f56bfc062723c751e8b465ee728b)  -> (artifact id: '88ead9246f322c7599897404d8a2488f') in 0.038135 seconds
  Import took 0.048648 seconds .

========================================================================
Received Import Request.
  Time since last request: 0.003830 seconds.
  path: Assets/Fonts/AtariFontFullVersion-ZJ23.ttf
  artifactKey: Guid(d0993ea7bfc214960adcf0c02524fb86) Importer(815301076,1909f56bfc062723c751e8b465ee728b)
Start importing Assets/Fonts/AtariFontFullVersion-ZJ23.ttf using Guid(d0993ea7bfc214960adcf0c02524fb86) Importer(815301076,1909f56bfc062723c751e8b465ee728b)  -> (artifact id: '88ead9246f322c7599897404d8a2488f') in 0.010379 seconds
  Import took 0.013766 seconds .

========================================================================
Received Import Request.
  Time since last request: 13.793294 seconds.
  path: Assets/Fonts/AtariFontFullVersion-ZJ23 SDF.asset
  artifactKey: Guid(8e5664a68f9004461a5310ec23ed5431) Importer(815301076,1909f56bfc062723c751e8b465ee728b)
Start importing Assets/Fonts/AtariFontFullVersion-ZJ23 SDF.asset using Guid(8e5664a68f9004461a5310ec23ed5431) Importer(815301076,1909f56bfc062723c751e8b465ee728b)  -> (artifact id: 'f7e5e73b1e0267f69a71e78f140bfd29') in 0.098092 seconds
  Import took 0.103978 seconds .

========================================================================
Received Import Request.
  Time since last request: 0.000237 seconds.
  path: Assets/Fonts/Early GameBoy SDF.asset
  artifactKey: Guid(5b317266d3bf74fb08bd2ae8e7d48664) Importer(815301076,1909f56bfc062723c751e8b465ee728b)
Start importing Assets/Fonts/Early GameBoy SDF.asset using Guid(5b317266d3bf74fb08bd2ae8e7d48664) Importer(815301076,1909f56bfc062723c751e8b465ee728b)  -> (artifact id: 'ffb204b59c1c818b39768e1ae8e45cb3') in 0.018517 seconds
  Import took 0.022105 seconds .

========================================================================
Received Import Request.
  Time since last request: 0.000201 seconds.
  path: Assets/Fonts/ka1 SDF.asset
  artifactKey: Guid(0df9588beafc446e59043928fbfdd82c) Importer(815301076,1909f56bfc062723c751e8b465ee728b)
Start importing Assets/Fonts/ka1 SDF.asset using Guid(0df9588beafc446e59043928fbfdd82c) Importer(815301076,1909f56bfc062723c751e8b465ee728b)  -> (artifact id: 'bc503bbe10a0cb2b9e56c1cc35b7af0d') in 0.019547 seconds
  Import took 0.023081 seconds .

========================================================================
Received Import Request.
  Time since last request: 178.158934 seconds.
  path: Assets/Fonts/AtariFontFullVersion-ZJ23 SDF.asset
  artifactKey: Guid(8e5664a68f9004461a5310ec23ed5431) Importer(815301076,1909f56bfc062723c751e8b465ee728b)
Start importing Assets/Fonts/AtariFontFullVersion-ZJ23 SDF.asset using Guid(8e5664a68f9004461a5310ec23ed5431) Importer(815301076,1909f56bfc062723c751e8b465ee728b)  -> (artifact id: '9dc99e7d06a989f5229e973c83e273bf') in 0.054428 seconds
  Import took 0.067406 seconds .

========================================================================
Received Import Request.
  Time since last request: 2.442169 seconds.
  path: Assets/Scenes/menu.unity
  artifactKey: Guid(0afa80f08ae6a44108857d146d1be3bd) Importer(815301076,1909f56bfc062723c751e8b465ee728b)
Start importing Assets/Scenes/menu.unity using Guid(0afa80f08ae6a44108857d146d1be3bd) Importer(815301076,1909f56bfc062723c751e8b465ee728b)  -> (artifact id: '739380cfcfd1cef15a6220af632aa9f2') in 0.002531 seconds
  Import took 0.007473 seconds .

========================================================================
Received Import Request.
  Time since last request: 1.083190 seconds.
  path: Assets/Scenes/main.unity
  artifactKey: Guid(78a510c781f19db4da14f78ebb30946a) Importer(815301076,1909f56bfc062723c751e8b465ee728b)
Start importing Assets/Scenes/main.unity using Guid(78a510c781f19db4da14f78ebb30946a) Importer(815301076,1909f56bfc062723c751e8b465ee728b)  -> (artifact id: 'a015b8fcb7c1c8264905ad0ef520920c') in 0.001786 seconds
  Import took 0.006993 seconds .

========================================================================
Received Import Request.
  Time since last request: 0.000875 seconds.
  path: Assets/Scenes/main.unity
  artifactKey: Guid(78a510c781f19db4da14f78ebb30946a) Importer(815301076,1909f56bfc062723c751e8b465ee728b)
Start importing Assets/Scenes/main.unity using Guid(78a510c781f19db4da14f78ebb30946a) Importer(815301076,1909f56bfc062723c751e8b465ee728b)  -> (artifact id: 'a015b8fcb7c1c8264905ad0ef520920c') in 0.001267 seconds
  Import took 0.005037 seconds .

========================================================================
Received Import Request.
  Time since last request: 237.114998 seconds.
  path: Assets/Scenes/main.unity
  artifactKey: Guid(78a510c781f19db4da14f78ebb30946a) Importer(815301076,1909f56bfc062723c751e8b465ee728b)
Start importing Assets/Scenes/main.unity using Guid(78a510c781f19db4da14f78ebb30946a) Importer(815301076,1909f56bfc062723c751e8b465ee728b)  -> (artifact id: 'c8b83ef992b4b5c807103c58906e7cec') in 0.009866 seconds
  Import took 0.023290 seconds .

========================================================================
Received Import Request.
  Time since last request: 216.620535 seconds.
  path: Assets/Scenes/main.unity
  artifactKey: Guid(78a510c781f19db4da14f78ebb30946a) Importer(815301076,1909f56bfc062723c751e8b465ee728b)
Start importing Assets/Scenes/main.unity using Guid(78a510c781f19db4da14f78ebb30946a) Importer(815301076,1909f56bfc062723c751e8b465ee728b)  -> (artifact id: '23d0c1c30063173e5ef8179f7f93c8b0') in 0.004438 seconds
  Import took 0.014208 seconds .

========================================================================
Received Prepare
Registering precompiled user dll's ...
Registered in 0.000626 seconds.
Begin MonoManager ReloadAssembly
Native extension for WindowsStandalone target not found
Native extension for OSXStandalone target not found
Refreshing native plugins compatible for Editor in 0.37 ms, found 1 plugins.
Preloading 0 native plugins for Editor in 0.00 ms.
Invoked RoslynAnalysisRunner static constructor.
RoslynAnalysisRunner will not be running.
RoslynAnalysisRunner has terminated.
Mono: successfully reloaded assembly
- Completed reload, in  1.877 seconds
Platform modules already initialized, skipping
Shader 'Universal Render Pipeline/Particles/Lit': fallback shader 'Universal Render Pipeline/Particles/SimpleLit' not found
Refreshing native plugins compatible for Editor in 0.37 ms, found 1 plugins.
Preloading 0 native plugins for Editor in 0.00 ms.
Unloading 2328 Unused Serialized files (Serialized files now loaded: 0)
System memory in use before: 215.8 MB.
System memory in use after: 215.5 MB.

Unloading 16 unused Assets to reduce memory usage. Loaded Objects now: 3092.
Total: 1.820000 ms (FindLiveObjects: 0.208792 ms CreateObjectMapping: 0.050750 ms MarkObjects: 1.300959 ms  DeleteObjects: 0.258542 ms)

========================================================================
Received Import Request.
  Time since last request: 276.697056 seconds.
  path: Assets/Scenes/menu.unity
  artifactKey: Guid(0afa80f08ae6a44108857d146d1be3bd) Importer(815301076,1909f56bfc062723c751e8b465ee728b)
Start importing Assets/Scenes/menu.unity using Guid(0afa80f08ae6a44108857d146d1be3bd) Importer(815301076,1909f56bfc062723c751e8b465ee728b)  -> (artifact id: '43a0bc03b76fd549e546396dcb48bd1f') in 0.052865 seconds
  Import took 0.070073 seconds .

========================================================================
Received Import Request.
  Time since last request: 348.775190 seconds.
  path: Assets/Scenes/main.unity
  artifactKey: Guid(78a510c781f19db4da14f78ebb30946a) Importer(815301076,1909f56bfc062723c751e8b465ee728b)
Start importing Assets/Scenes/main.unity using Guid(78a510c781f19db4da14f78ebb30946a) Importer(815301076,1909f56bfc062723c751e8b465ee728b)  -> (artifact id: '10f227925d8105546285b6b833889a92') in 0.008409 seconds
  Import took 0.024417 seconds .

========================================================================
Received Import Request.
  Time since last request: 126.972838 seconds.
  path: Assets/Scenes/menu.unity
  artifactKey: Guid(0afa80f08ae6a44108857d146d1be3bd) Importer(815301076,1909f56bfc062723c751e8b465ee728b)
Start importing Assets/Scenes/menu.unity using Guid(0afa80f08ae6a44108857d146d1be3bd) Importer(815301076,1909f56bfc062723c751e8b465ee728b)  -> (artifact id: '89c527861be61fa1e33d8395a9962448') in 0.005384 seconds
  Import took 0.019777 seconds .

========================================================================
Received Prepare
Registering precompiled user dll's ...
Registered in 0.000593 seconds.
Begin MonoManager ReloadAssembly
Native extension for WindowsStandalone target not found
Native extension for OSXStandalone target not found
Refreshing native plugins compatible for Editor in 0.35 ms, found 1 plugins.
Preloading 0 native plugins for Editor in 0.00 ms.
Invoked RoslynAnalysisRunner static constructor.
RoslynAnalysisRunner will not be running.
RoslynAnalysisRunner has terminated.
Mono: successfully reloaded assembly
- Completed reload, in  1.896 seconds
Platform modules already initialized, skipping
Shader 'Universal Render Pipeline/Particles/Lit': fallback shader 'Universal Render Pipeline/Particles/SimpleLit' not found
Refreshing native plugins compatible for Editor in 0.34 ms, found 1 plugins.
Preloading 0 native plugins for Editor in 0.00 ms.
Unloading 2326 Unused Serialized files (Serialized files now loaded: 0)
System memory in use before: 215.9 MB.
System memory in use after: 215.6 MB.

Unloading 16 unused Assets to reduce memory usage. Loaded Objects now: 3095.
Total: 1.796708 ms (FindLiveObjects: 0.264792 ms CreateObjectMapping: 0.052292 ms MarkObjects: 1.208708 ms  DeleteObjects: 0.270250 ms)

========================================================================
Received Import Request.
  Time since last request: 20.878114 seconds.
  path: Assets/Fonts/AtariFontFullVersion-ZJ23 SDF 1.asset
  artifactKey: Guid(b859ec31abc0c4489bd4d728abefb44e) Importer(815301076,1909f56bfc062723c751e8b465ee728b)
Start importing Assets/Fonts/AtariFontFullVersion-ZJ23 SDF 1.asset using Guid(b859ec31abc0c4489bd4d728abefb44e) Importer(815301076,1909f56bfc062723c751e8b465ee728b)  -> (artifact id: 'fa07930b3a88ab288e9920db006f6fcc') in 0.541297 seconds
  Import took 0.544702 seconds .

========================================================================
Received Import Request.
  Time since last request: 13.907007 seconds.
  path: Assets/Fonts/AtariFontTitle.asset
  artifactKey: Guid(b859ec31abc0c4489bd4d728abefb44e) Importer(815301076,1909f56bfc062723c751e8b465ee728b)
Start importing Assets/Fonts/AtariFontTitle.asset using Guid(b859ec31abc0c4489bd4d728abefb44e) Importer(815301076,1909f56bfc062723c751e8b465ee728b)  -> (artifact id: 'ffcf14a0b76727b9935ed2df6b4e2ad6') in 0.040596 seconds
  Import took 0.046146 seconds .

========================================================================
Received Import Request.
  Time since last request: 97.035510 seconds.
  path: Assets/Fonts/AtariFontTitle.asset
  artifactKey: Guid(b859ec31abc0c4489bd4d728abefb44e) Importer(815301076,1909f56bfc062723c751e8b465ee728b)
Start importing Assets/Fonts/AtariFontTitle.asset using Guid(b859ec31abc0c4489bd4d728abefb44e) Importer(815301076,1909f56bfc062723c751e8b465ee728b)  -> (artifact id: '5c1f900e1e8c8c12613336e3f67fd036') in 0.107684 seconds
  Import took 0.120468 seconds .

========================================================================
Received Prepare
Registering precompiled user dll's ...
Registered in 0.000660 seconds.
Begin MonoManager ReloadAssembly
Native extension for WindowsStandalone target not found
Native extension for OSXStandalone target not found
Refreshing native plugins compatible for Editor in 0.41 ms, found 1 plugins.
Preloading 0 native plugins for Editor in 0.00 ms.
Invoked RoslynAnalysisRunner static constructor.
RoslynAnalysisRunner will not be running.
RoslynAnalysisRunner has terminated.
Mono: successfully reloaded assembly
- Completed reload, in  1.887 seconds
Platform modules already initialized, skipping
Shader 'Universal Render Pipeline/Particles/Lit': fallback shader 'Universal Render Pipeline/Particles/SimpleLit' not found
Refreshing native plugins compatible for Editor in 0.34 ms, found 1 plugins.
Preloading 0 native plugins for Editor in 0.00 ms.
Unloading 2326 Unused Serialized files (Serialized files now loaded: 0)
System memory in use before: 216.5 MB.
System memory in use after: 216.2 MB.

Unloading 16 unused Assets to reduce memory usage. Loaded Objects now: 3135.
Total: 1.726292 ms (FindLiveObjects: 0.193000 ms CreateObjectMapping: 0.051000 ms MarkObjects: 1.209166 ms  DeleteObjects: 0.272583 ms)

========================================================================
Received Import Request.
  Time since last request: 46.806218 seconds.
  path: Assets/Scenes/main.unity
  artifactKey: Guid(78a510c781f19db4da14f78ebb30946a) Importer(815301076,1909f56bfc062723c751e8b465ee728b)
Start importing Assets/Scenes/main.unity using Guid(78a510c781f19db4da14f78ebb30946a) Importer(815301076,1909f56bfc062723c751e8b465ee728b)  -> (artifact id: 'ac3857fb95d9a980fd63302c8bb5110c') in 0.020602 seconds
  Import took 0.025884 seconds .

========================================================================
Received Import Request.
  Time since last request: 271.998221 seconds.
  path: Assets/Scenes/menu.unity
  artifactKey: Guid(0afa80f08ae6a44108857d146d1be3bd) Importer(815301076,1909f56bfc062723c751e8b465ee728b)
Start importing Assets/Scenes/menu.unity using Guid(0afa80f08ae6a44108857d146d1be3bd) Importer(815301076,1909f56bfc062723c751e8b465ee728b)  -> (artifact id: '009774b8867a18845c1147e8387ef089') in 0.003959 seconds
  Import took 0.015832 seconds .

========================================================================
Received Prepare
Registering precompiled user dll's ...
Registered in 0.000618 seconds.
Begin MonoManager ReloadAssembly
Native extension for WindowsStandalone target not found
Native extension for OSXStandalone target not found
Refreshing native plugins compatible for Editor in 0.35 ms, found 1 plugins.
Preloading 0 native plugins for Editor in 0.00 ms.
Invoked RoslynAnalysisRunner static constructor.
RoslynAnalysisRunner will not be running.
RoslynAnalysisRunner has terminated.
Mono: successfully reloaded assembly
- Completed reload, in  1.854 seconds
Platform modules already initialized, skipping
Shader 'Universal Render Pipeline/Particles/Lit': fallback shader 'Universal Render Pipeline/Particles/SimpleLit' not found
Refreshing native plugins compatible for Editor in 0.33 ms, found 1 plugins.
Preloading 0 native plugins for Editor in 0.00 ms.
Unloading 2326 Unused Serialized files (Serialized files now loaded: 0)
System memory in use before: 216.7 MB.
System memory in use after: 216.4 MB.

Unloading 16 unused Assets to reduce memory usage. Loaded Objects now: 3138.
Total: 1.825041 ms (FindLiveObjects: 0.223125 ms CreateObjectMapping: 0.052125 ms MarkObjects: 1.269375 ms  DeleteObjects: 0.279542 ms)

========================================================================
Received Import Request.
  Time since last request: 11.410193 seconds.
  path: Assets/Scenes/menu 1.unity
  artifactKey: Guid(74bf4552cbc2b4aa4ba1086bdf8a40e9) Importer(815301076,1909f56bfc062723c751e8b465ee728b)
Start importing Assets/Scenes/menu 1.unity using Guid(74bf4552cbc2b4aa4ba1086bdf8a40e9) Importer(815301076,1909f56bfc062723c751e8b465ee728b)  -> (artifact id: 'fd4547eb99040ce91fbcf07b65f5abff') in 0.019801 seconds
  Import took 0.023097 seconds .

========================================================================
Received Import Request.
  Time since last request: 4.089617 seconds.
  path: Assets/Scenes/highscores.unity
  artifactKey: Guid(74bf4552cbc2b4aa4ba1086bdf8a40e9) Importer(815301076,1909f56bfc062723c751e8b465ee728b)
Start importing Assets/Scenes/highscores.unity using Guid(74bf4552cbc2b4aa4ba1086bdf8a40e9) Importer(815301076,1909f56bfc062723c751e8b465ee728b)  -> (artifact id: '77f2531dd214d249dcad9c35fb5502f5') in 0.002501 seconds
  Import took 0.006083 seconds .

========================================================================
Received Import Request.
  Time since last request: 537.082699 seconds.
  path: Assets/Scenes/main.unity
  artifactKey: Guid(78a510c781f19db4da14f78ebb30946a) Importer(815301076,1909f56bfc062723c751e8b465ee728b)
Start importing Assets/Scenes/main.unity using Guid(78a510c781f19db4da14f78ebb30946a) Importer(815301076,1909f56bfc062723c751e8b465ee728b)  -> (artifact id: '68adc3b39d3918a188949aef71f87df4') in 0.005036 seconds
  Import took 0.021410 seconds .

========================================================================
Received Import Request.
  Time since last request: 10.262821 seconds.
  path: Assets/Scenes/highscores.unity
  artifactKey: Guid(74bf4552cbc2b4aa4ba1086bdf8a40e9) Importer(815301076,1909f56bfc062723c751e8b465ee728b)
Start importing Assets/Scenes/highscores.unity using Guid(74bf4552cbc2b4aa4ba1086bdf8a40e9) Importer(815301076,1909f56bfc062723c751e8b465ee728b)  -> (artifact id: '11521aa15c5a3db21f3b56252044a06b') in 0.002886 seconds
  Import took 0.007590 seconds .

========================================================================
Received Import Request.
  Time since last request: 167.582943 seconds.
  path: Assets/Scenes/highscores.unity
  artifactKey: Guid(74bf4552cbc2b4aa4ba1086bdf8a40e9) Importer(815301076,1909f56bfc062723c751e8b465ee728b)
Start importing Assets/Scenes/highscores.unity using Guid(74bf4552cbc2b4aa4ba1086bdf8a40e9) Importer(815301076,1909f56bfc062723c751e8b465ee728b)  -> (artifact id: 'd17ecfc8359f335405331d8777e320c4') in 0.005216 seconds
  Import took 0.044538 seconds .

========================================================================
Received Prepare
Registering precompiled user dll's ...
Registered in 0.000680 seconds.
Begin MonoManager ReloadAssembly
Native extension for WindowsStandalone target not found
Native extension for OSXStandalone target not found
Refreshing native plugins compatible for Editor in 0.37 ms, found 1 plugins.
Preloading 0 native plugins for Editor in 0.00 ms.
Invoked RoslynAnalysisRunner static constructor.
RoslynAnalysisRunner will not be running.
RoslynAnalysisRunner has terminated.
Mono: successfully reloaded assembly
- Completed reload, in  2.177 seconds
Platform modules already initialized, skipping
Shader 'Universal Render Pipeline/Particles/Lit': fallback shader 'Universal Render Pipeline/Particles/SimpleLit' not found
Refreshing native plugins compatible for Editor in 0.39 ms, found 1 plugins.
Preloading 0 native plugins for Editor in 0.00 ms.
Unloading 2326 Unused Serialized files (Serialized files now loaded: 0)
System memory in use before: 217.1 MB.
System memory in use after: 216.8 MB.

Unloading 16 unused Assets to reduce memory usage. Loaded Objects now: 3141.
Total: 5.181333 ms (FindLiveObjects: 0.517542 ms CreateObjectMapping: 0.107250 ms MarkObjects: 4.230416 ms  DeleteObjects: 0.325042 ms)

========================================================================
Received Prepare
Registering precompiled user dll's ...
Registered in 0.000635 seconds.
Begin MonoManager ReloadAssembly
Native extension for WindowsStandalone target not found
Native extension for OSXStandalone target not found
Refreshing native plugins compatible for Editor in 0.37 ms, found 1 plugins.
Preloading 0 native plugins for Editor in 0.00 ms.
Invoked RoslynAnalysisRunner static constructor.
RoslynAnalysisRunner will not be running.
RoslynAnalysisRunner has terminated.
Mono: successfully reloaded assembly
- Completed reload, in  1.982 seconds
Platform modules already initialized, skipping
Shader 'Universal Render Pipeline/Particles/Lit': fallback shader 'Universal Render Pipeline/Particles/SimpleLit' not found
Refreshing native plugins compatible for Editor in 0.34 ms, found 1 plugins.
Preloading 0 native plugins for Editor in 0.00 ms.
Unloading 2326 Unused Serialized files (Serialized files now loaded: 0)
System memory in use before: 217.4 MB.
System memory in use after: 217.1 MB.

Unloading 16 unused Assets to reduce memory usage. Loaded Objects now: 3144.
Total: 1.914042 ms (FindLiveObjects: 0.228583 ms CreateObjectMapping: 0.052042 ms MarkObjects: 1.358125 ms  DeleteObjects: 0.274500 ms)

========================================================================
Received Import Request.
  Time since last request: 1432.918546 seconds.
  path: Assets/Scenes/menu.unity
  artifactKey: Guid(0afa80f08ae6a44108857d146d1be3bd) Importer(815301076,1909f56bfc062723c751e8b465ee728b)
Start importing Assets/Scenes/menu.unity using Guid(0afa80f08ae6a44108857d146d1be3bd) Importer(815301076,1909f56bfc062723c751e8b465ee728b)  -> (artifact id: 'be3bfd6d34fbf8a8fc896144ac1ed169') in 0.053377 seconds
  Import took 0.082397 seconds .

========================================================================
Received Prepare
Registering precompiled user dll's ...
Registered in 0.004057 seconds.
Begin MonoManager ReloadAssembly
Native extension for WindowsStandalone target not found
Native extension for OSXStandalone target not found
Refreshing native plugins compatible for Editor in 0.83 ms, found 1 plugins.
Preloading 0 native plugins for Editor in 0.00 ms.
Invoked RoslynAnalysisRunner static constructor.
RoslynAnalysisRunner will not be running.
RoslynAnalysisRunner has terminated.
Mono: successfully reloaded assembly
- Completed reload, in  2.064 seconds
Platform modules already initialized, skipping
Shader 'Universal Render Pipeline/Particles/Lit': fallback shader 'Universal Render Pipeline/Particles/SimpleLit' not found
Refreshing native plugins compatible for Editor in 0.33 ms, found 1 plugins.
Preloading 0 native plugins for Editor in 0.00 ms.
Unloading 2326 Unused Serialized files (Serialized files now loaded: 0)
System memory in use before: 217.8 MB.
System memory in use after: 217.5 MB.

Unloading 16 unused Assets to reduce memory usage. Loaded Objects now: 3147.
Total: 4.427958 ms (FindLiveObjects: 0.550625 ms CreateObjectMapping: 0.066542 ms MarkObjects: 3.370708 ms  DeleteObjects: 0.439166 ms)

========================================================================
Received Import Request.
  Time since last request: 13930.639304 seconds.
  path: Assets/Scenes/highscores.unity
  artifactKey: Guid(74bf4552cbc2b4aa4ba1086bdf8a40e9) Importer(815301076,1909f56bfc062723c751e8b465ee728b)
Start importing Assets/Scenes/highscores.unity using Guid(74bf4552cbc2b4aa4ba1086bdf8a40e9) Importer(815301076,1909f56bfc062723c751e8b465ee728b)  -> (artifact id: '98a6e8a9081e90009b033973b54368af') in 0.052133 seconds
  Import took 0.065763 seconds .

========================================================================
Received Import Request.
  Time since last request: 0.000878 seconds.
  path: Assets/Scenes/highscores.unity
  artifactKey: Guid(74bf4552cbc2b4aa4ba1086bdf8a40e9) Importer(815301076,1909f56bfc062723c751e8b465ee728b)
Start importing Assets/Scenes/highscores.unity using Guid(74bf4552cbc2b4aa4ba1086bdf8a40e9) Importer(815301076,1909f56bfc062723c751e8b465ee728b)  -> (artifact id: '98a6e8a9081e90009b033973b54368af') in 0.001312 seconds
  Import took 0.003692 seconds .

========================================================================
Received Prepare
Registering precompiled user dll's ...
Registered in 0.001361 seconds.
Begin MonoManager ReloadAssembly
Native extension for WindowsStandalone target not found
Native extension for OSXStandalone target not found
Refreshing native plugins compatible for Editor in 0.35 ms, found 1 plugins.
Preloading 0 native plugins for Editor in 0.00 ms.
Invoked RoslynAnalysisRunner static constructor.
RoslynAnalysisRunner will not be running.
RoslynAnalysisRunner has terminated.
Mono: successfully reloaded assembly
- Completed reload, in  2.078 seconds
Platform modules already initialized, skipping
Shader 'Universal Render Pipeline/Particles/Lit': fallback shader 'Universal Render Pipeline/Particles/SimpleLit' not found
Refreshing native plugins compatible for Editor in 0.34 ms, found 1 plugins.
Preloading 0 native plugins for Editor in 0.00 ms.
Unloading 2326 Unused Serialized files (Serialized files now loaded: 0)
System memory in use before: 218.1 MB.
System memory in use after: 217.8 MB.

Unloading 16 unused Assets to reduce memory usage. Loaded Objects now: 3150.
Total: 3.662542 ms (FindLiveObjects: 0.531833 ms CreateObjectMapping: 0.052292 ms MarkObjects: 2.666500 ms  DeleteObjects: 0.411000 ms)

